{
  "C:/Users/Anastasia/react-task/src/redux/actions.ts": {
    "path": "C:/Users/Anastasia/react-task/src/redux/actions.ts",
    "statementMap": {
      "0": {
        "start": {
          "line": 1,
          "column": 26
        },
        "end": {
          "line": 1,
          "column": 38
        }
      },
      "1": {
        "start": {
          "line": 2,
          "column": 25
        },
        "end": {
          "line": 2,
          "column": 36
        }
      },
      "2": {
        "start": {
          "line": 3,
          "column": 28
        },
        "end": {
          "line": 3,
          "column": 42
        }
      },
      "3": {
        "start": {
          "line": 5,
          "column": 2
        },
        "end": {
          "line": 5,
          "column": 13
        }
      },
      "4": {
        "start": {
          "line": 7,
          "column": 25
        },
        "end": {
          "line": 9,
          "column": 1
        }
      },
      "5": {
        "start": {
          "line": 8,
          "column": 2
        },
        "end": {
          "line": 8,
          "column": 54
        }
      },
      "6": {
        "start": {
          "line": 10,
          "column": 24
        },
        "end": {
          "line": 12,
          "column": 1
        }
      },
      "7": {
        "start": {
          "line": 11,
          "column": 2
        },
        "end": {
          "line": 11,
          "column": 63
        }
      },
      "8": {
        "start": {
          "line": 13,
          "column": 27
        },
        "end": {
          "line": 15,
          "column": 1
        }
      },
      "9": {
        "start": {
          "line": 14,
          "column": 2
        },
        "end": {
          "line": 14,
          "column": 63
        }
      }
    },
    "fnMap": {
      "0": {
        "name": "inferLiteralFromString",
        "decl": {
          "start": {
            "line": 4,
            "column": 9
          },
          "end": {
            "line": 4,
            "column": 31
          }
        },
        "loc": {
          "start": {
            "line": 4,
            "column": 37
          },
          "end": {
            "line": 6,
            "column": 1
          }
        },
        "line": 4
      },
      "1": {
        "name": "(anonymous_1)",
        "decl": {
          "start": {
            "line": 7,
            "column": 25
          },
          "end": {
            "line": 7,
            "column": 26
          }
        },
        "loc": {
          "start": {
            "line": 7,
            "column": 31
          },
          "end": {
            "line": 9,
            "column": 1
          }
        },
        "line": 7
      },
      "2": {
        "name": "(anonymous_2)",
        "decl": {
          "start": {
            "line": 10,
            "column": 24
          },
          "end": {
            "line": 10,
            "column": 25
          }
        },
        "loc": {
          "start": {
            "line": 10,
            "column": 38
          },
          "end": {
            "line": 12,
            "column": 1
          }
        },
        "line": 10
      },
      "3": {
        "name": "(anonymous_3)",
        "decl": {
          "start": {
            "line": 13,
            "column": 27
          },
          "end": {
            "line": 13,
            "column": 28
          }
        },
        "loc": {
          "start": {
            "line": 13,
            "column": 38
          },
          "end": {
            "line": 15,
            "column": 1
          }
        },
        "line": 13
      }
    },
    "branchMap": {},
    "s": {
      "0": 1,
      "1": 1,
      "2": 1,
      "3": 0,
      "4": 1,
      "5": 0,
      "6": 1,
      "7": 0,
      "8": 1,
      "9": 0
    },
    "f": {
      "0": 0,
      "1": 0,
      "2": 0,
      "3": 0
    },
    "b": {},
    "inputSourceMap": {
      "version": 3,
      "sources": [
        "C:/Users/Anastasia/react-task/src/redux/actions.ts"
      ],
      "mappings": "AAEO,aAAM,aAAa;AACnB,aAAM,YAAY;AAClB,aAAM,eAAe;AAE5B,SAAS,uBAAyC,KAAQ;AACxD,SAAO;AACT;AAEO,aAAM,YAAY,MAAM;AAC7B,SAAO,EAAE,MAAM,uBAAuB,UAAU,EAAE;AACpD;AAEO,aAAM,WAAW,CAAC,aAAuB;AAC9C,SAAO,EAAE,MAAM,uBAAuB,SAAS,GAAG,SAAS;AAC7D;AAEO,aAAM,cAAc,CAAC,UAAkB;AAC5C,SAAO,EAAE,MAAM,uBAAuB,YAAY,GAAG,MAAM;AAC7D;",
      "names": []
    },
    "_coverageSchema": "1a1c01bbd47fc00a2c39e90264f33305004495a9",
    "hash": "83e2b234d2b47ee5d2bc99be977efe0fb87b5e67"
  },
  "C:/Users/Anastasia/react-task/src/services/api.ts": {
    "path": "C:/Users/Anastasia/react-task/src/services/api.ts",
    "statementMap": {
      "0": {
        "start": {
          "line": 2,
          "column": 16
        },
        "end": {
          "line": 2,
          "column": 50
        }
      },
      "1": {
        "start": {
          "line": 3,
          "column": 24
        },
        "end": {
          "line": 14,
          "column": 2
        }
      },
      "2": {
        "start": {
          "line": 6,
          "column": 25
        },
        "end": {
          "line": 13,
          "column": 3
        }
      },
      "3": {
        "start": {
          "line": 8,
          "column": 25
        },
        "end": {
          "line": 8,
          "column": 157
        }
      },
      "4": {
        "start": {
          "line": 11,
          "column": 21
        },
        "end": {
          "line": 11,
          "column": 122
        }
      },
      "5": {
        "start": {
          "line": 15,
          "column": 58
        },
        "end": {
          "line": 15,
          "column": 66
        }
      }
    },
    "fnMap": {
      "0": {
        "name": "(anonymous_0)",
        "decl": {
          "start": {
            "line": 6,
            "column": 13
          },
          "end": {
            "line": 6,
            "column": 14
          }
        },
        "loc": {
          "start": {
            "line": 6,
            "column": 25
          },
          "end": {
            "line": 13,
            "column": 3
          }
        },
        "line": 6
      },
      "1": {
        "name": "(anonymous_1)",
        "decl": {
          "start": {
            "line": 8,
            "column": 13
          },
          "end": {
            "line": 8,
            "column": 14
          }
        },
        "loc": {
          "start": {
            "line": 8,
            "column": 25
          },
          "end": {
            "line": 8,
            "column": 157
          }
        },
        "line": 8
      },
      "2": {
        "name": "(anonymous_2)",
        "decl": {
          "start": {
            "line": 11,
            "column": 13
          },
          "end": {
            "line": 11,
            "column": 14
          }
        },
        "loc": {
          "start": {
            "line": 11,
            "column": 21
          },
          "end": {
            "line": 11,
            "column": 122
          }
        },
        "line": 11
      }
    },
    "branchMap": {
      "0": {
        "loc": {
          "start": {
            "line": 8,
            "column": 81
          },
          "end": {
            "line": 8,
            "column": 107
          }
        },
        "type": "cond-expr",
        "locations": [
          {
            "start": {
              "line": 8,
              "column": 90
            },
            "end": {
              "line": 8,
              "column": 96
            }
          },
          {
            "start": {
              "line": 8,
              "column": 99
            },
            "end": {
              "line": 8,
              "column": 107
            }
          }
        ],
        "line": 8
      }
    },
    "s": {
      "0": 1,
      "1": 1,
      "2": 1,
      "3": 0,
      "4": 0,
      "5": 1
    },
    "f": {
      "0": 1,
      "1": 0,
      "2": 0
    },
    "b": {
      "0": [
        0,
        0
      ]
    },
    "inputSourceMap": {
      "version": 3,
      "sources": [
        "C:/Users/Anastasia/react-task/src/services/api.ts"
      ],
      "mappings": "AAAA,SAAS,WAAW,sBAAsB;AAE1C,MAAM,UAAU;AAET,aAAM,WAAW,UAAU;AAAA,EAChC,aAAa;AAAA,EACb,WAAW,eAAe,EAAE,SAAS,uCAAuC,CAAC;AAAA,EAC7E,WAAW,CAAC,WAAW;AAAA,IACrB,WAAW,MAAM,MAAM;AAAA,MACrB,OAAO,CAAC,WACN,wCAAwC,gBACtC,SAAS,SAAS;AAAA,IAExB,CAAC;AAAA,IACD,aAAa,MAAM,MAAM;AAAA,MACvB,OAAO,CAAC,OACN,gDAAgD,oBAAoB;AAAA,IACxE,CAAC;AAAA,EACH;AACF,CAAC;AAEM,aAAM,EAAE,mBAAmB,oBAAoB,IAAI;",
      "names": []
    },
    "_coverageSchema": "1a1c01bbd47fc00a2c39e90264f33305004495a9",
    "hash": "0c4e6f52693aa7d7f4361acea9beac75aae0ec78"
  },
  "C:/Users/Anastasia/react-task/src/components/searchbar/Searchbar.tsx": {
    "path": "C:/Users/Anastasia/react-task/src/components/searchbar/Searchbar.tsx",
    "statementMap": {
      "0": {
        "start": {
          "line": 5,
          "column": 0
        },
        "end": {
          "line": 15,
          "column": 1
        }
      },
      "1": {
        "start": {
          "line": 6,
          "column": 2
        },
        "end": {
          "line": 8,
          "column": 3
        }
      },
      "2": {
        "start": {
          "line": 7,
          "column": 4
        },
        "end": {
          "line": 7,
          "column": 165
        }
      },
      "3": {
        "start": {
          "line": 9,
          "column": 2
        },
        "end": {
          "line": 9,
          "column": 39
        }
      },
      "4": {
        "start": {
          "line": 10,
          "column": 2
        },
        "end": {
          "line": 10,
          "column": 39
        }
      },
      "5": {
        "start": {
          "line": 11,
          "column": 2
        },
        "end": {
          "line": 13,
          "column": 4
        }
      },
      "6": {
        "start": {
          "line": 12,
          "column": 4
        },
        "end": {
          "line": 12,
          "column": 112
        }
      },
      "7": {
        "start": {
          "line": 14,
          "column": 2
        },
        "end": {
          "line": 14,
          "column": 75
        }
      },
      "8": {
        "start": {
          "line": 16,
          "column": 9
        },
        "end": {
          "line": 16,
          "column": 23
        }
      },
      "9": {
        "start": {
          "line": 23,
          "column": 2
        },
        "end": {
          "line": 23,
          "column": 7
        }
      },
      "10": {
        "start": {
          "line": 24,
          "column": 19
        },
        "end": {
          "line": 24,
          "column": 32
        }
      },
      "11": {
        "start": {
          "line": 25,
          "column": 24
        },
        "end": {
          "line": 25,
          "column": 72
        }
      },
      "12": {
        "start": {
          "line": 25,
          "column": 47
        },
        "end": {
          "line": 25,
          "column": 71
        }
      },
      "13": {
        "start": {
          "line": 26,
          "column": 36
        },
        "end": {
          "line": 26,
          "column": 51
        }
      },
      "14": {
        "start": {
          "line": 29,
          "column": 6
        },
        "end": {
          "line": 29,
          "column": 38
        }
      },
      "15": {
        "start": {
          "line": 31,
          "column": 4
        },
        "end": {
          "line": 31,
          "column": 23
        }
      },
      "16": {
        "start": {
          "line": 32,
          "column": 4
        },
        "end": {
          "line": 32,
          "column": 23
        }
      },
      "17": {
        "start": {
          "line": 33,
          "column": 4
        },
        "end": {
          "line": 33,
          "column": 44
        }
      },
      "18": {
        "start": {
          "line": 34,
          "column": 4
        },
        "end": {
          "line": 37,
          "column": 5
        }
      },
      "19": {
        "start": {
          "line": 36,
          "column": 6
        },
        "end": {
          "line": 36,
          "column": 26
        }
      },
      "20": {
        "start": {
          "line": 39,
          "column": 2
        },
        "end": {
          "line": 60,
          "column": 11
        }
      },
      "21": {
        "start": {
          "line": 41,
          "column": 6
        },
        "end": {
          "line": 41,
          "column": 48
        }
      },
      "22": {
        "start": {
          "line": 62,
          "column": 0
        },
        "end": {
          "line": 64,
          "column": 3
        }
      },
      "23": {
        "start": {
          "line": 63,
          "column": 2
        },
        "end": {
          "line": 63,
          "column": 55
        }
      },
      "24": {
        "start": {
          "line": 65,
          "column": 0
        },
        "end": {
          "line": 65,
          "column": 15
        }
      },
      "25": {
        "start": {
          "line": 68,
          "column": 0
        },
        "end": {
          "line": 68,
          "column": 30
        }
      },
      "26": {
        "start": {
          "line": 69,
          "column": 0
        },
        "end": {
          "line": 85,
          "column": 1
        }
      },
      "27": {
        "start": {
          "line": 70,
          "column": 2
        },
        "end": {
          "line": 70,
          "column": 39
        }
      },
      "28": {
        "start": {
          "line": 71,
          "column": 2
        },
        "end": {
          "line": 71,
          "column": 39
        }
      },
      "29": {
        "start": {
          "line": 72,
          "column": 2
        },
        "end": {
          "line": 84,
          "column": 5
        }
      },
      "30": {
        "start": {
          "line": 76,
          "column": 4
        },
        "end": {
          "line": 76,
          "column": 138
        }
      },
      "31": {
        "start": {
          "line": 77,
          "column": 4
        },
        "end": {
          "line": 83,
          "column": 7
        }
      },
      "32": {
        "start": {
          "line": 78,
          "column": 6
        },
        "end": {
          "line": 79,
          "column": 15
        }
      },
      "33": {
        "start": {
          "line": 79,
          "column": 8
        },
        "end": {
          "line": 79,
          "column": 15
        }
      },
      "34": {
        "start": {
          "line": 80,
          "column": 32
        },
        "end": {
          "line": 80,
          "column": 115
        }
      },
      "35": {
        "start": {
          "line": 81,
          "column": 6
        },
        "end": {
          "line": 82,
          "column": 54
        }
      },
      "36": {
        "start": {
          "line": 82,
          "column": 8
        },
        "end": {
          "line": 82,
          "column": 54
        }
      }
    },
    "fnMap": {
      "0": {
        "name": "(anonymous_0)",
        "decl": {
          "start": {
            "line": 11,
            "column": 24
          },
          "end": {
            "line": 11,
            "column": 25
          }
        },
        "loc": {
          "start": {
            "line": 11,
            "column": 38
          },
          "end": {
            "line": 13,
            "column": 3
          }
        },
        "line": 11
      },
      "1": {
        "name": "Searchbar",
        "decl": {
          "start": {
            "line": 22,
            "column": 9
          },
          "end": {
            "line": 22,
            "column": 18
          }
        },
        "loc": {
          "start": {
            "line": 22,
            "column": 26
          },
          "end": {
            "line": 61,
            "column": 1
          }
        },
        "line": 22
      },
      "2": {
        "name": "(anonymous_2)",
        "decl": {
          "start": {
            "line": 25,
            "column": 36
          },
          "end": {
            "line": 25,
            "column": 37
          }
        },
        "loc": {
          "start": {
            "line": 25,
            "column": 47
          },
          "end": {
            "line": 25,
            "column": 71
          }
        },
        "line": 25
      },
      "3": {
        "name": "handleSubmit",
        "decl": {
          "start": {
            "line": 30,
            "column": 17
          },
          "end": {
            "line": 30,
            "column": 29
          }
        },
        "loc": {
          "start": {
            "line": 30,
            "column": 33
          },
          "end": {
            "line": 38,
            "column": 3
          }
        },
        "line": 30
      },
      "4": {
        "name": "(anonymous_4)",
        "decl": {
          "start": {
            "line": 40,
            "column": 130
          },
          "end": {
            "line": 40,
            "column": 131
          }
        },
        "loc": {
          "start": {
            "line": 40,
            "column": 141
          },
          "end": {
            "line": 42,
            "column": 5
          }
        },
        "line": 40
      },
      "5": {
        "name": "(anonymous_5)",
        "decl": {
          "start": {
            "line": 62,
            "column": 53
          },
          "end": {
            "line": 62,
            "column": 54
          }
        },
        "loc": {
          "start": {
            "line": 62,
            "column": 64
          },
          "end": {
            "line": 64,
            "column": 1
          }
        },
        "line": 62
      },
      "6": {
        "name": "(anonymous_6)",
        "decl": {
          "start": {
            "line": 75,
            "column": 9
          },
          "end": {
            "line": 75,
            "column": 10
          }
        },
        "loc": {
          "start": {
            "line": 75,
            "column": 29
          },
          "end": {
            "line": 84,
            "column": 3
          }
        },
        "line": 75
      },
      "7": {
        "name": "(anonymous_7)",
        "decl": {
          "start": {
            "line": 77,
            "column": 27
          },
          "end": {
            "line": 77,
            "column": 28
          }
        },
        "loc": {
          "start": {
            "line": 77,
            "column": 44
          },
          "end": {
            "line": 83,
            "column": 5
          }
        },
        "line": 77
      }
    },
    "branchMap": {
      "0": {
        "loc": {
          "start": {
            "line": 5,
            "column": 0
          },
          "end": {
            "line": 15,
            "column": 1
          }
        },
        "type": "if",
        "locations": [
          {
            "start": {
              "line": 5,
              "column": 0
            },
            "end": {
              "line": 15,
              "column": 1
            }
          },
          {
            "start": {},
            "end": {}
          }
        ],
        "line": 5
      },
      "1": {
        "loc": {
          "start": {
            "line": 6,
            "column": 2
          },
          "end": {
            "line": 8,
            "column": 3
          }
        },
        "type": "if",
        "locations": [
          {
            "start": {
              "line": 6,
              "column": 2
            },
            "end": {
              "line": 8,
              "column": 3
            }
          },
          {
            "start": {},
            "end": {}
          }
        ],
        "line": 6
      },
      "2": {
        "loc": {
          "start": {
            "line": 28,
            "column": 4
          },
          "end": {
            "line": 28,
            "column": 13
          }
        },
        "type": "default-arg",
        "locations": [
          {
            "start": {
              "line": 28,
              "column": 11
            },
            "end": {
              "line": 28,
              "column": 13
            }
          }
        ],
        "line": 28
      },
      "3": {
        "loc": {
          "start": {
            "line": 47,
            "column": 107
          },
          "end": {
            "line": 47,
            "column": 145
          }
        },
        "type": "cond-expr",
        "locations": [
          {
            "start": {
              "line": 47,
              "column": 119
            },
            "end": {
              "line": 47,
              "column": 135
            }
          },
          {
            "start": {
              "line": 47,
              "column": 138
            },
            "end": {
              "line": 47,
              "column": 145
            }
          }
        ],
        "line": 47
      },
      "4": {
        "loc": {
          "start": {
            "line": 69,
            "column": 0
          },
          "end": {
            "line": 85,
            "column": 1
          }
        },
        "type": "if",
        "locations": [
          {
            "start": {
              "line": 69,
              "column": 0
            },
            "end": {
              "line": 85,
              "column": 1
            }
          },
          {
            "start": {},
            "end": {}
          }
        ],
        "line": 69
      },
      "5": {
        "loc": {
          "start": {
            "line": 78,
            "column": 6
          },
          "end": {
            "line": 79,
            "column": 15
          }
        },
        "type": "if",
        "locations": [
          {
            "start": {
              "line": 78,
              "column": 6
            },
            "end": {
              "line": 79,
              "column": 15
            }
          },
          {
            "start": {},
            "end": {}
          }
        ],
        "line": 78
      },
      "6": {
        "loc": {
          "start": {
            "line": 81,
            "column": 6
          },
          "end": {
            "line": 82,
            "column": 54
          }
        },
        "type": "if",
        "locations": [
          {
            "start": {
              "line": 81,
              "column": 6
            },
            "end": {
              "line": 82,
              "column": 54
            }
          },
          {
            "start": {},
            "end": {}
          }
        ],
        "line": 81
      }
    },
    "s": {
      "0": 1,
      "1": 1,
      "2": 0,
      "3": 1,
      "4": 1,
      "5": 1,
      "6": 1,
      "7": 1,
      "8": 1,
      "9": 0,
      "10": 0,
      "11": 0,
      "12": 0,
      "13": 0,
      "14": 0,
      "15": 0,
      "16": 0,
      "17": 0,
      "18": 0,
      "19": 0,
      "20": 0,
      "21": 0,
      "22": 1,
      "23": 0,
      "24": 1,
      "25": 1,
      "26": 1,
      "27": 1,
      "28": 1,
      "29": 1,
      "30": 0,
      "31": 0,
      "32": 0,
      "33": 0,
      "34": 0,
      "35": 0,
      "36": 0
    },
    "f": {
      "0": 1,
      "1": 0,
      "2": 0,
      "3": 0,
      "4": 0,
      "5": 0,
      "6": 0,
      "7": 0
    },
    "b": {
      "0": [
        1,
        0
      ],
      "1": [
        0,
        1
      ],
      "2": [
        0
      ],
      "3": [
        0,
        0
      ],
      "4": [
        1,
        0
      ],
      "5": [
        0,
        0
      ],
      "6": [
        0,
        0
      ]
    },
    "inputSourceMap": {
      "version": 3,
      "mappings": "AA4BQ;;;;;;;;;;;;;;;;AA5BR,SAAgBA,gBAAgB;AAEhC,SAASC,aAAaC,mBAAmB;AACzC,SAASC,mBAAmB;AAC5B,SAASC,yBAAyB;AAElC,OAAO;AAEP,SAASC,UAAUC,OAAuB;AAAAC;AACxC,QAAMC,WAAWP,YAAW;AAC5B,QAAMQ,gBAAgBP,YAAY,CAACQ,UAAkBA,MAAMC,YAAYC,MAAM;AAC7E,QAAM,CAACC,WAAWC,YAAY,IAAId,SAAS,KAAK;AAEhD,QAAM;AAAA,IAAEe,OAAO;AAAA,EAAG,IAAIX,kBAAkBK,aAAa;AAErD,iBAAeO,aAAaC,GAAmC;AAC7DA,MAAEC,eAAc;AAChBJ,iBAAa,IAAI;AACjBR,UAAMa,eAAeJ,KAAKK,OAAOC,KAAK;AACtC,QAAI;AAAA,IACJ,UAAC;AACCP,mBAAa,KAAK;AAAA,IACpB;AAAA,EACF;AAEA,SACE,uBAAC,SAAI,WAAU,gBACb,iCAAC,UAAK,UAAUE,cACd;AAAA,2BAAC,WACC,MAAK,QACL,OAAOP,eACP,WAAU,SACV,aAAY,aACZ,UAAWa,WAAU;AACnBd,eAASL,YAAYmB,MAAMC,OAAOC,KAAK,CAAC;AAAA,IAC1C,KAPF;AAAA;AAAA;AAAA;AAAA,WAOI;AAAA,IAEJ,uBAAC,YAAO,WAAU,UAAS,MAAK,UAAS,UAAUX,WAChDA,sBAAY,mBAAmB,WADlC;AAAA;AAAA;AAAA;AAAA,WAEA;AAAA,OAZF;AAAA;AAAA;AAAA;AAAA,SAaA,KAdF;AAAA;AAAA;AAAA;AAAA,SAeA;AAEJ;AAACN,GAnCQF,WAAS;AAAA,UACCJ,aACKC,aAGAE,iBAAiB;AAAA;AAAAqB,KALhCpB;AAqCT,eAAeA;AAAU;AAAAqB",
      "names": [
        "useState",
        "useDispatch",
        "useSelector",
        "searchValue",
        "useGetPhotosQuery",
        "Searchbar",
        "props",
        "_s",
        "dispatch",
        "currentSearch",
        "state",
        "rootReducer",
        "search",
        "isLoading",
        "setIsLoading",
        "data",
        "handleSubmit",
        "e",
        "preventDefault",
        "updateFotoData",
        "photos",
        "photo",
        "event",
        "target",
        "value",
        "_c",
        "$RefreshReg$"
      ],
      "sources": [
        "C:/Users/Anastasia/react-task/src/components/searchbar/Searchbar.tsx"
      ],
      "file": "C:/Users/Anastasia/react-task/src/components/searchbar/Searchbar.tsx"
    },
    "_coverageSchema": "1a1c01bbd47fc00a2c39e90264f33305004495a9",
    "hash": "5a00d93a3940b40d6276b9a2ea01efe8da53e9d8"
  },
  "C:/Users/Anastasia/react-task/src/components/modal/Modal.tsx": {
    "path": "C:/Users/Anastasia/react-task/src/components/modal/Modal.tsx",
    "statementMap": {
      "0": {
        "start": {
          "line": 5,
          "column": 0
        },
        "end": {
          "line": 15,
          "column": 1
        }
      },
      "1": {
        "start": {
          "line": 6,
          "column": 2
        },
        "end": {
          "line": 8,
          "column": 3
        }
      },
      "2": {
        "start": {
          "line": 7,
          "column": 4
        },
        "end": {
          "line": 7,
          "column": 165
        }
      },
      "3": {
        "start": {
          "line": 9,
          "column": 2
        },
        "end": {
          "line": 9,
          "column": 39
        }
      },
      "4": {
        "start": {
          "line": 10,
          "column": 2
        },
        "end": {
          "line": 10,
          "column": 39
        }
      },
      "5": {
        "start": {
          "line": 11,
          "column": 2
        },
        "end": {
          "line": 13,
          "column": 4
        }
      },
      "6": {
        "start": {
          "line": 12,
          "column": 4
        },
        "end": {
          "line": 12,
          "column": 104
        }
      },
      "7": {
        "start": {
          "line": 14,
          "column": 2
        },
        "end": {
          "line": 14,
          "column": 75
        }
      },
      "8": {
        "start": {
          "line": 18,
          "column": 2
        },
        "end": {
          "line": 20,
          "column": 3
        }
      },
      "9": {
        "start": {
          "line": 19,
          "column": 4
        },
        "end": {
          "line": 19,
          "column": 16
        }
      },
      "10": {
        "start": {
          "line": 21,
          "column": 16
        },
        "end": {
          "line": 21,
          "column": 99
        }
      },
      "11": {
        "start": {
          "line": 22,
          "column": 20
        },
        "end": {
          "line": 22,
          "column": 113
        }
      },
      "12": {
        "start": {
          "line": 23,
          "column": 23
        },
        "end": {
          "line": 23,
          "column": 122
        }
      },
      "13": {
        "start": {
          "line": 24,
          "column": 2
        },
        "end": {
          "line": 110,
          "column": 3
        }
      },
      "14": {
        "start": {
          "line": 25,
          "column": 4
        },
        "end": {
          "line": 79,
          "column": 13
        }
      },
      "15": {
        "start": {
          "line": 25,
          "column": 177
        },
        "end": {
          "line": 25,
          "column": 200
        }
      },
      "16": {
        "start": {
          "line": 81,
          "column": 4
        },
        "end": {
          "line": 109,
          "column": 13
        }
      },
      "17": {
        "start": {
          "line": 81,
          "column": 177
        },
        "end": {
          "line": 81,
          "column": 200
        }
      },
      "18": {
        "start": {
          "line": 112,
          "column": 0
        },
        "end": {
          "line": 112,
          "column": 11
        }
      },
      "19": {
        "start": {
          "line": 115,
          "column": 0
        },
        "end": {
          "line": 115,
          "column": 26
        }
      },
      "20": {
        "start": {
          "line": 116,
          "column": 0
        },
        "end": {
          "line": 132,
          "column": 1
        }
      },
      "21": {
        "start": {
          "line": 117,
          "column": 2
        },
        "end": {
          "line": 117,
          "column": 39
        }
      },
      "22": {
        "start": {
          "line": 118,
          "column": 2
        },
        "end": {
          "line": 118,
          "column": 39
        }
      },
      "23": {
        "start": {
          "line": 119,
          "column": 2
        },
        "end": {
          "line": 131,
          "column": 5
        }
      },
      "24": {
        "start": {
          "line": 123,
          "column": 4
        },
        "end": {
          "line": 123,
          "column": 130
        }
      },
      "25": {
        "start": {
          "line": 124,
          "column": 4
        },
        "end": {
          "line": 130,
          "column": 7
        }
      },
      "26": {
        "start": {
          "line": 125,
          "column": 6
        },
        "end": {
          "line": 126,
          "column": 15
        }
      },
      "27": {
        "start": {
          "line": 126,
          "column": 8
        },
        "end": {
          "line": 126,
          "column": 15
        }
      },
      "28": {
        "start": {
          "line": 127,
          "column": 32
        },
        "end": {
          "line": 127,
          "column": 115
        }
      },
      "29": {
        "start": {
          "line": 128,
          "column": 6
        },
        "end": {
          "line": 129,
          "column": 54
        }
      },
      "30": {
        "start": {
          "line": 129,
          "column": 8
        },
        "end": {
          "line": 129,
          "column": 54
        }
      }
    },
    "fnMap": {
      "0": {
        "name": "(anonymous_0)",
        "decl": {
          "start": {
            "line": 11,
            "column": 24
          },
          "end": {
            "line": 11,
            "column": 25
          }
        },
        "loc": {
          "start": {
            "line": 11,
            "column": 38
          },
          "end": {
            "line": 13,
            "column": 3
          }
        },
        "line": 11
      },
      "1": {
        "name": "Modal",
        "decl": {
          "start": {
            "line": 17,
            "column": 9
          },
          "end": {
            "line": 17,
            "column": 14
          }
        },
        "loc": {
          "start": {
            "line": 17,
            "column": 22
          },
          "end": {
            "line": 111,
            "column": 1
          }
        },
        "line": 17
      },
      "2": {
        "name": "(anonymous_2)",
        "decl": {
          "start": {
            "line": 25,
            "column": 166
          },
          "end": {
            "line": 25,
            "column": 167
          }
        },
        "loc": {
          "start": {
            "line": 25,
            "column": 177
          },
          "end": {
            "line": 25,
            "column": 200
          }
        },
        "line": 25
      },
      "3": {
        "name": "(anonymous_3)",
        "decl": {
          "start": {
            "line": 81,
            "column": 166
          },
          "end": {
            "line": 81,
            "column": 167
          }
        },
        "loc": {
          "start": {
            "line": 81,
            "column": 177
          },
          "end": {
            "line": 81,
            "column": 200
          }
        },
        "line": 81
      },
      "4": {
        "name": "(anonymous_4)",
        "decl": {
          "start": {
            "line": 122,
            "column": 9
          },
          "end": {
            "line": 122,
            "column": 10
          }
        },
        "loc": {
          "start": {
            "line": 122,
            "column": 29
          },
          "end": {
            "line": 131,
            "column": 3
          }
        },
        "line": 122
      },
      "5": {
        "name": "(anonymous_5)",
        "decl": {
          "start": {
            "line": 124,
            "column": 27
          },
          "end": {
            "line": 124,
            "column": 28
          }
        },
        "loc": {
          "start": {
            "line": 124,
            "column": 44
          },
          "end": {
            "line": 130,
            "column": 5
          }
        },
        "line": 124
      }
    },
    "branchMap": {
      "0": {
        "loc": {
          "start": {
            "line": 5,
            "column": 0
          },
          "end": {
            "line": 15,
            "column": 1
          }
        },
        "type": "if",
        "locations": [
          {
            "start": {
              "line": 5,
              "column": 0
            },
            "end": {
              "line": 15,
              "column": 1
            }
          },
          {
            "start": {},
            "end": {}
          }
        ],
        "line": 5
      },
      "1": {
        "loc": {
          "start": {
            "line": 6,
            "column": 2
          },
          "end": {
            "line": 8,
            "column": 3
          }
        },
        "type": "if",
        "locations": [
          {
            "start": {
              "line": 6,
              "column": 2
            },
            "end": {
              "line": 8,
              "column": 3
            }
          },
          {
            "start": {},
            "end": {}
          }
        ],
        "line": 6
      },
      "2": {
        "loc": {
          "start": {
            "line": 18,
            "column": 2
          },
          "end": {
            "line": 20,
            "column": 3
          }
        },
        "type": "if",
        "locations": [
          {
            "start": {
              "line": 18,
              "column": 2
            },
            "end": {
              "line": 20,
              "column": 3
            }
          },
          {
            "start": {},
            "end": {}
          }
        ],
        "line": 18
      },
      "3": {
        "loc": {
          "start": {
            "line": 21,
            "column": 16
          },
          "end": {
            "line": 21,
            "column": 99
          }
        },
        "type": "cond-expr",
        "locations": [
          {
            "start": {
              "line": 21,
              "column": 72
            },
            "end": {
              "line": 21,
              "column": 92
            }
          },
          {
            "start": {
              "line": 21,
              "column": 95
            },
            "end": {
              "line": 21,
              "column": 99
            }
          }
        ],
        "line": 21
      },
      "4": {
        "loc": {
          "start": {
            "line": 21,
            "column": 16
          },
          "end": {
            "line": 21,
            "column": 69
          }
        },
        "type": "binary-expr",
        "locations": [
          {
            "start": {
              "line": 21,
              "column": 16
            },
            "end": {
              "line": 21,
              "column": 27
            }
          },
          {
            "start": {
              "line": 21,
              "column": 31
            },
            "end": {
              "line": 21,
              "column": 45
            }
          },
          {
            "start": {
              "line": 21,
              "column": 49
            },
            "end": {
              "line": 21,
              "column": 69
            }
          }
        ],
        "line": 21
      },
      "5": {
        "loc": {
          "start": {
            "line": 22,
            "column": 20
          },
          "end": {
            "line": 22,
            "column": 113
          }
        },
        "type": "cond-expr",
        "locations": [
          {
            "start": {
              "line": 22,
              "column": 81
            },
            "end": {
              "line": 22,
              "column": 106
            }
          },
          {
            "start": {
              "line": 22,
              "column": 109
            },
            "end": {
              "line": 22,
              "column": 113
            }
          }
        ],
        "line": 22
      },
      "6": {
        "loc": {
          "start": {
            "line": 22,
            "column": 20
          },
          "end": {
            "line": 22,
            "column": 78
          }
        },
        "type": "binary-expr",
        "locations": [
          {
            "start": {
              "line": 22,
              "column": 20
            },
            "end": {
              "line": 22,
              "column": 31
            }
          },
          {
            "start": {
              "line": 22,
              "column": 35
            },
            "end": {
              "line": 22,
              "column": 49
            }
          },
          {
            "start": {
              "line": 22,
              "column": 53
            },
            "end": {
              "line": 22,
              "column": 78
            }
          }
        ],
        "line": 22
      },
      "7": {
        "loc": {
          "start": {
            "line": 23,
            "column": 23
          },
          "end": {
            "line": 23,
            "column": 122
          }
        },
        "type": "cond-expr",
        "locations": [
          {
            "start": {
              "line": 23,
              "column": 87
            },
            "end": {
              "line": 23,
              "column": 115
            }
          },
          {
            "start": {
              "line": 23,
              "column": 118
            },
            "end": {
              "line": 23,
              "column": 122
            }
          }
        ],
        "line": 23
      },
      "8": {
        "loc": {
          "start": {
            "line": 23,
            "column": 23
          },
          "end": {
            "line": 23,
            "column": 84
          }
        },
        "type": "binary-expr",
        "locations": [
          {
            "start": {
              "line": 23,
              "column": 23
            },
            "end": {
              "line": 23,
              "column": 34
            }
          },
          {
            "start": {
              "line": 23,
              "column": 38
            },
            "end": {
              "line": 23,
              "column": 52
            }
          },
          {
            "start": {
              "line": 23,
              "column": 56
            },
            "end": {
              "line": 23,
              "column": 84
            }
          }
        ],
        "line": 23
      },
      "9": {
        "loc": {
          "start": {
            "line": 24,
            "column": 2
          },
          "end": {
            "line": 110,
            "column": 3
          }
        },
        "type": "if",
        "locations": [
          {
            "start": {
              "line": 24,
              "column": 2
            },
            "end": {
              "line": 110,
              "column": 3
            }
          },
          {
            "start": {
              "line": 80,
              "column": 9
            },
            "end": {
              "line": 110,
              "column": 3
            }
          }
        ],
        "line": 24
      },
      "10": {
        "loc": {
          "start": {
            "line": 41,
            "column": 90
          },
          "end": {
            "line": 41,
            "column": 110
          }
        },
        "type": "cond-expr",
        "locations": [
          {
            "start": {
              "line": 41,
              "column": 98
            },
            "end": {
              "line": 41,
              "column": 103
            }
          },
          {
            "start": {
              "line": 41,
              "column": 106
            },
            "end": {
              "line": 41,
              "column": 110
            }
          }
        ],
        "line": 41
      },
      "11": {
        "loc": {
          "start": {
            "line": 52,
            "column": 10
          },
          "end": {
            "line": 52,
            "column": 57
          }
        },
        "type": "cond-expr",
        "locations": [
          {
            "start": {
              "line": 52,
              "column": 22
            },
            "end": {
              "line": 52,
              "column": 31
            }
          },
          {
            "start": {
              "line": 52,
              "column": 34
            },
            "end": {
              "line": 52,
              "column": 57
            }
          }
        ],
        "line": 52
      },
      "12": {
        "loc": {
          "start": {
            "line": 60,
            "column": 10
          },
          "end": {
            "line": 60,
            "column": 63
          }
        },
        "type": "cond-expr",
        "locations": [
          {
            "start": {
              "line": 60,
              "column": 25
            },
            "end": {
              "line": 60,
              "column": 37
            }
          },
          {
            "start": {
              "line": 60,
              "column": 40
            },
            "end": {
              "line": 60,
              "column": 63
            }
          }
        ],
        "line": 60
      },
      "13": {
        "loc": {
          "start": {
            "line": 116,
            "column": 0
          },
          "end": {
            "line": 132,
            "column": 1
          }
        },
        "type": "if",
        "locations": [
          {
            "start": {
              "line": 116,
              "column": 0
            },
            "end": {
              "line": 132,
              "column": 1
            }
          },
          {
            "start": {},
            "end": {}
          }
        ],
        "line": 116
      },
      "14": {
        "loc": {
          "start": {
            "line": 125,
            "column": 6
          },
          "end": {
            "line": 126,
            "column": 15
          }
        },
        "type": "if",
        "locations": [
          {
            "start": {
              "line": 125,
              "column": 6
            },
            "end": {
              "line": 126,
              "column": 15
            }
          },
          {
            "start": {},
            "end": {}
          }
        ],
        "line": 125
      },
      "15": {
        "loc": {
          "start": {
            "line": 128,
            "column": 6
          },
          "end": {
            "line": 129,
            "column": 54
          }
        },
        "type": "if",
        "locations": [
          {
            "start": {
              "line": 128,
              "column": 6
            },
            "end": {
              "line": 129,
              "column": 54
            }
          },
          {
            "start": {},
            "end": {}
          }
        ],
        "line": 128
      }
    },
    "s": {
      "0": 1,
      "1": 1,
      "2": 0,
      "3": 1,
      "4": 1,
      "5": 1,
      "6": 1,
      "7": 1,
      "8": 0,
      "9": 0,
      "10": 0,
      "11": 0,
      "12": 0,
      "13": 0,
      "14": 0,
      "15": 0,
      "16": 0,
      "17": 0,
      "18": 1,
      "19": 1,
      "20": 1,
      "21": 1,
      "22": 1,
      "23": 1,
      "24": 0,
      "25": 0,
      "26": 0,
      "27": 0,
      "28": 0,
      "29": 0,
      "30": 0
    },
    "f": {
      "0": 1,
      "1": 0,
      "2": 0,
      "3": 0,
      "4": 0,
      "5": 0
    },
    "b": {
      "0": [
        1,
        0
      ],
      "1": [
        0,
        1
      ],
      "2": [
        0,
        0
      ],
      "3": [
        0,
        0
      ],
      "4": [
        0,
        0,
        0
      ],
      "5": [
        0,
        0
      ],
      "6": [
        0,
        0,
        0
      ],
      "7": [
        0,
        0
      ],
      "8": [
        0,
        0,
        0
      ],
      "9": [
        0,
        0
      ],
      "10": [
        0,
        0
      ],
      "11": [
        0,
        0
      ],
      "12": [
        0,
        0
      ],
      "13": [
        1,
        0
      ],
      "14": [
        0,
        0
      ],
      "15": [
        0,
        0
      ]
    },
    "inputSourceMap": {
      "version": 3,
      "mappings": "AAqBU;AArBV,OAAOA,oBAAkB;AAAA;AAAA;AAAA;AAAA;AAAA;AAAA;AAAA;AAAA;AAAA;AAAA;AAAA;AAAA;AAAA;AACzB,OAAO;AAGP,SAASC,MAAMC,OAAoB;AACjC,MAAIA,MAAMC,WAAW,OAAO;AAC1B,WAAO;AAAA,EACT;AAEA,QAAMC,QAAQF,MAAMG,SAASH,MAAMG,MAAM,CAAC,KAAKH,MAAMG,MAAM,CAAC,EAAED,QAAQF,MAAMG,MAAM,CAAC,EAAED,QAAQ;AAC7F,QAAME,YACJJ,MAAMG,SAASH,MAAMG,MAAM,CAAC,KAAKH,MAAMG,MAAM,CAAC,EAAEE,aAAaL,MAAMG,MAAM,CAAC,EAAEE,aAAa;AAC3F,QAAMC,eACJN,MAAMG,SAASH,MAAMG,MAAM,CAAC,KAAKH,MAAMG,MAAM,CAAC,EAAEI,gBAC5CP,MAAMG,MAAM,CAAC,EAAEI,gBACf;AAEN,MAAIP,MAAMG,OAAO;AACf,WACE,uBAAC,SAAI,WAAU,SAAQ,SAASH,MAAMQ,SACpC,iCAAC,SAAI,WAAU,iBAAgB,SAAUC,WAAUA,MAAMC,gBAAe,GACtE;AAAA,6BAAC,SAAI,WAAU,eAAc,SAASV,MAAMQ,WAA5C;AAAA;AAAA;AAAA;AAAA,aAAqD;AAAA,MACrD,uBAAC,SAAI,WAAU,aACb,iCAAC,SAAI,KAAKR,MAAMW,KAAK,KAAI,WAAzB;AAAA;AAAA;AAAA;AAAA,aAAiC,KADnC;AAAA;AAAA;AAAA;AAAA,aAEA;AAAA,MACA,uBAAC,SAAI,WAAU,cACb;AAAA,+BAAC,SACC,iCAAC,OAAGT,kBAAQA,QAAQ,QAApB;AAAA;AAAA;AAAA;AAAA,eAAyB,KAD3B;AAAA;AAAA;AAAA;AAAA,eAEA;AAAA,QACA,uBAAC,SAAI;AAAA;AAAA,UAAwBE,YAAYA,YAAY;AAAA,aAArD;AAAA;AAAA;AAAA;AAAA,eAA6E;AAAA,QAC7E,uBAAC,SAAI;AAAA;AAAA,UACuBE,eAAeA,eAAe;AAAA,aAD1D;AAAA;AAAA;AAAA;AAAA,eAEA;AAAA,WAPF;AAAA;AAAA;AAAA;AAAA,aAQA;AAAA,SAbF;AAAA;AAAA;AAAA;AAAA,WAcA,KAfF;AAAA;AAAA;AAAA;AAAA,WAgBA;AAAA,EAEJ,OAAO;AACL,WACE,uBAAC,SAAI,WAAU,SAAQ,SAASN,MAAMQ,SACpC,iCAAC,SAAI,WAAU,iBAAgB,SAAUC,WAAUA,MAAMC,gBAAe,GACtE;AAAA,6BAAC,SAAI,WAAU,eAAc,SAASV,MAAMQ,WAA5C;AAAA;AAAA;AAAA;AAAA,aAAqD;AAAA,MACrD,uBAAC,SAAI,WAAU,aACb,iCAAC,SAAI,KAAKR,MAAMW,KAAK,KAAI,WAAzB;AAAA;AAAA;AAAA;AAAA,aAAiC,KADnC;AAAA;AAAA;AAAA;AAAA,aAEA;AAAA,MACA,uBAAC,SAAI,WAAU,cAAa,yFAA5B;AAAA;AAAA;AAAA;AAAA,aAEA;AAAA,SAPF;AAAA;AAAA;AAAA;AAAA,WAQA,KATF;AAAA;AAAA;AAAA;AAAA,WAUA;AAAA,EAEJ;AACF;AAACC,KAhDQb;AAkDT,eAAeA;AAAM;AAAAc",
      "names": [
        "React",
        "Modal",
        "props",
        "active",
        "title",
        "modal",
        "viewCount",
        "view_count",
        "commentCount",
        "comment_count",
        "onClose",
        "event",
        "stopPropagation",
        "url",
        "_c",
        "$RefreshReg$"
      ],
      "sources": [
        "C:/Users/Anastasia/react-task/src/components/modal/Modal.tsx"
      ],
      "file": "C:/Users/Anastasia/react-task/src/components/modal/Modal.tsx"
    },
    "_coverageSchema": "1a1c01bbd47fc00a2c39e90264f33305004495a9",
    "hash": "b9e4c2e0ab342e9b691fe8f773dbbc05f0fcd4c7"
  },
  "C:/Users/Anastasia/react-task/src/components/oneFotoCard/OneFotoCard.tsx": {
    "path": "C:/Users/Anastasia/react-task/src/components/oneFotoCard/OneFotoCard.tsx",
    "statementMap": {
      "0": {
        "start": {
          "line": 5,
          "column": 0
        },
        "end": {
          "line": 15,
          "column": 1
        }
      },
      "1": {
        "start": {
          "line": 6,
          "column": 2
        },
        "end": {
          "line": 8,
          "column": 3
        }
      },
      "2": {
        "start": {
          "line": 7,
          "column": 4
        },
        "end": {
          "line": 7,
          "column": 165
        }
      },
      "3": {
        "start": {
          "line": 9,
          "column": 2
        },
        "end": {
          "line": 9,
          "column": 39
        }
      },
      "4": {
        "start": {
          "line": 10,
          "column": 2
        },
        "end": {
          "line": 10,
          "column": 39
        }
      },
      "5": {
        "start": {
          "line": 11,
          "column": 2
        },
        "end": {
          "line": 13,
          "column": 4
        }
      },
      "6": {
        "start": {
          "line": 12,
          "column": 4
        },
        "end": {
          "line": 12,
          "column": 116
        }
      },
      "7": {
        "start": {
          "line": 14,
          "column": 2
        },
        "end": {
          "line": 14,
          "column": 75
        }
      },
      "8": {
        "start": {
          "line": 16,
          "column": 9
        },
        "end": {
          "line": 16,
          "column": 23
        }
      },
      "9": {
        "start": {
          "line": 22,
          "column": 2
        },
        "end": {
          "line": 22,
          "column": 7
        }
      },
      "10": {
        "start": {
          "line": 23,
          "column": 14
        },
        "end": {
          "line": 23,
          "column": 95
        }
      },
      "11": {
        "start": {
          "line": 24,
          "column": 18
        },
        "end": {
          "line": 24,
          "column": 97
        }
      },
      "12": {
        "start": {
          "line": 25,
          "column": 23
        },
        "end": {
          "line": 25,
          "column": 25
        }
      },
      "13": {
        "start": {
          "line": 26,
          "column": 36
        },
        "end": {
          "line": 26,
          "column": 51
        }
      },
      "14": {
        "start": {
          "line": 27,
          "column": 28
        },
        "end": {
          "line": 27,
          "column": 50
        }
      },
      "15": {
        "start": {
          "line": 29,
          "column": 4
        },
        "end": {
          "line": 29,
          "column": 24
        }
      },
      "16": {
        "start": {
          "line": 33,
          "column": 6
        },
        "end": {
          "line": 33,
          "column": 35
        }
      },
      "17": {
        "start": {
          "line": 34,
          "column": 17
        },
        "end": {
          "line": 39,
          "column": 3
        }
      },
      "18": {
        "start": {
          "line": 35,
          "column": 4
        },
        "end": {
          "line": 38,
          "column": 5
        }
      },
      "19": {
        "start": {
          "line": 36,
          "column": 6
        },
        "end": {
          "line": 36,
          "column": 25
        }
      },
      "20": {
        "start": {
          "line": 40,
          "column": 2
        },
        "end": {
          "line": 73,
          "column": 11
        }
      },
      "21": {
        "start": {
          "line": 42,
          "column": 6
        },
        "end": {
          "line": 42,
          "column": 25
        }
      },
      "22": {
        "start": {
          "line": 43,
          "column": 6
        },
        "end": {
          "line": 43,
          "column": 15
        }
      },
      "23": {
        "start": {
          "line": 75,
          "column": 0
        },
        "end": {
          "line": 77,
          "column": 3
        }
      },
      "24": {
        "start": {
          "line": 76,
          "column": 2
        },
        "end": {
          "line": 76,
          "column": 31
        }
      },
      "25": {
        "start": {
          "line": 78,
          "column": 0
        },
        "end": {
          "line": 78,
          "column": 17
        }
      },
      "26": {
        "start": {
          "line": 81,
          "column": 0
        },
        "end": {
          "line": 81,
          "column": 32
        }
      },
      "27": {
        "start": {
          "line": 82,
          "column": 0
        },
        "end": {
          "line": 98,
          "column": 1
        }
      },
      "28": {
        "start": {
          "line": 83,
          "column": 2
        },
        "end": {
          "line": 83,
          "column": 39
        }
      },
      "29": {
        "start": {
          "line": 84,
          "column": 2
        },
        "end": {
          "line": 84,
          "column": 39
        }
      },
      "30": {
        "start": {
          "line": 85,
          "column": 2
        },
        "end": {
          "line": 97,
          "column": 5
        }
      },
      "31": {
        "start": {
          "line": 89,
          "column": 4
        },
        "end": {
          "line": 89,
          "column": 142
        }
      },
      "32": {
        "start": {
          "line": 90,
          "column": 4
        },
        "end": {
          "line": 96,
          "column": 7
        }
      },
      "33": {
        "start": {
          "line": 91,
          "column": 6
        },
        "end": {
          "line": 92,
          "column": 15
        }
      },
      "34": {
        "start": {
          "line": 92,
          "column": 8
        },
        "end": {
          "line": 92,
          "column": 15
        }
      },
      "35": {
        "start": {
          "line": 93,
          "column": 32
        },
        "end": {
          "line": 93,
          "column": 115
        }
      },
      "36": {
        "start": {
          "line": 94,
          "column": 6
        },
        "end": {
          "line": 95,
          "column": 54
        }
      },
      "37": {
        "start": {
          "line": 95,
          "column": 8
        },
        "end": {
          "line": 95,
          "column": 54
        }
      }
    },
    "fnMap": {
      "0": {
        "name": "(anonymous_0)",
        "decl": {
          "start": {
            "line": 11,
            "column": 24
          },
          "end": {
            "line": 11,
            "column": 25
          }
        },
        "loc": {
          "start": {
            "line": 11,
            "column": 38
          },
          "end": {
            "line": 13,
            "column": 3
          }
        },
        "line": 11
      },
      "1": {
        "name": "OneFotoCard",
        "decl": {
          "start": {
            "line": 21,
            "column": 9
          },
          "end": {
            "line": 21,
            "column": 20
          }
        },
        "loc": {
          "start": {
            "line": 21,
            "column": 28
          },
          "end": {
            "line": 74,
            "column": 1
          }
        },
        "line": 21
      },
      "2": {
        "name": "closeModal",
        "decl": {
          "start": {
            "line": 28,
            "column": 11
          },
          "end": {
            "line": 28,
            "column": 21
          }
        },
        "loc": {
          "start": {
            "line": 28,
            "column": 24
          },
          "end": {
            "line": 30,
            "column": 3
          }
        },
        "line": 28
      },
      "3": {
        "name": "onLoading",
        "decl": {
          "start": {
            "line": 34,
            "column": 32
          },
          "end": {
            "line": 34,
            "column": 41
          }
        },
        "loc": {
          "start": {
            "line": 34,
            "column": 44
          },
          "end": {
            "line": 39,
            "column": 3
          }
        },
        "line": 34
      },
      "4": {
        "name": "(anonymous_4)",
        "decl": {
          "start": {
            "line": 41,
            "column": 64
          },
          "end": {
            "line": 41,
            "column": 65
          }
        },
        "loc": {
          "start": {
            "line": 41,
            "column": 70
          },
          "end": {
            "line": 44,
            "column": 5
          }
        },
        "line": 41
      },
      "5": {
        "name": "(anonymous_5)",
        "decl": {
          "start": {
            "line": 75,
            "column": 55
          },
          "end": {
            "line": 75,
            "column": 56
          }
        },
        "loc": {
          "start": {
            "line": 75,
            "column": 66
          },
          "end": {
            "line": 77,
            "column": 1
          }
        },
        "line": 75
      },
      "6": {
        "name": "(anonymous_6)",
        "decl": {
          "start": {
            "line": 88,
            "column": 9
          },
          "end": {
            "line": 88,
            "column": 10
          }
        },
        "loc": {
          "start": {
            "line": 88,
            "column": 29
          },
          "end": {
            "line": 97,
            "column": 3
          }
        },
        "line": 88
      },
      "7": {
        "name": "(anonymous_7)",
        "decl": {
          "start": {
            "line": 90,
            "column": 27
          },
          "end": {
            "line": 90,
            "column": 28
          }
        },
        "loc": {
          "start": {
            "line": 90,
            "column": 44
          },
          "end": {
            "line": 96,
            "column": 5
          }
        },
        "line": 90
      }
    },
    "branchMap": {
      "0": {
        "loc": {
          "start": {
            "line": 5,
            "column": 0
          },
          "end": {
            "line": 15,
            "column": 1
          }
        },
        "type": "if",
        "locations": [
          {
            "start": {
              "line": 5,
              "column": 0
            },
            "end": {
              "line": 15,
              "column": 1
            }
          },
          {
            "start": {},
            "end": {}
          }
        ],
        "line": 5
      },
      "1": {
        "loc": {
          "start": {
            "line": 6,
            "column": 2
          },
          "end": {
            "line": 8,
            "column": 3
          }
        },
        "type": "if",
        "locations": [
          {
            "start": {
              "line": 6,
              "column": 2
            },
            "end": {
              "line": 8,
              "column": 3
            }
          },
          {
            "start": {},
            "end": {}
          }
        ],
        "line": 6
      },
      "2": {
        "loc": {
          "start": {
            "line": 32,
            "column": 4
          },
          "end": {
            "line": 32,
            "column": 13
          }
        },
        "type": "default-arg",
        "locations": [
          {
            "start": {
              "line": 32,
              "column": 11
            },
            "end": {
              "line": 32,
              "column": 13
            }
          }
        ],
        "line": 32
      },
      "3": {
        "loc": {
          "start": {
            "line": 82,
            "column": 0
          },
          "end": {
            "line": 98,
            "column": 1
          }
        },
        "type": "if",
        "locations": [
          {
            "start": {
              "line": 82,
              "column": 0
            },
            "end": {
              "line": 98,
              "column": 1
            }
          },
          {
            "start": {},
            "end": {}
          }
        ],
        "line": 82
      },
      "4": {
        "loc": {
          "start": {
            "line": 91,
            "column": 6
          },
          "end": {
            "line": 92,
            "column": 15
          }
        },
        "type": "if",
        "locations": [
          {
            "start": {
              "line": 91,
              "column": 6
            },
            "end": {
              "line": 92,
              "column": 15
            }
          },
          {
            "start": {},
            "end": {}
          }
        ],
        "line": 91
      },
      "5": {
        "loc": {
          "start": {
            "line": 94,
            "column": 6
          },
          "end": {
            "line": 95,
            "column": 54
          }
        },
        "type": "if",
        "locations": [
          {
            "start": {
              "line": 94,
              "column": 6
            },
            "end": {
              "line": 95,
              "column": 54
            }
          },
          {
            "start": {},
            "end": {}
          }
        ],
        "line": 94
      }
    },
    "s": {
      "0": 1,
      "1": 1,
      "2": 0,
      "3": 1,
      "4": 1,
      "5": 1,
      "6": 1,
      "7": 1,
      "8": 1,
      "9": 0,
      "10": 0,
      "11": 0,
      "12": 0,
      "13": 0,
      "14": 0,
      "15": 0,
      "16": 0,
      "17": 0,
      "18": 0,
      "19": 0,
      "20": 0,
      "21": 0,
      "22": 0,
      "23": 1,
      "24": 0,
      "25": 1,
      "26": 1,
      "27": 1,
      "28": 1,
      "29": 1,
      "30": 1,
      "31": 0,
      "32": 0,
      "33": 0,
      "34": 0,
      "35": 0,
      "36": 0,
      "37": 0
    },
    "f": {
      "0": 1,
      "1": 0,
      "2": 0,
      "3": 0,
      "4": 0,
      "5": 0,
      "6": 0,
      "7": 0
    },
    "b": {
      "0": [
        1,
        0
      ],
      "1": [
        0,
        1
      ],
      "2": [
        0
      ],
      "3": [
        1,
        0
      ],
      "4": [
        0,
        0
      ],
      "5": [
        0,
        0
      ]
    },
    "inputSourceMap": {
      "version": 3,
      "mappings": "AAmCU;;;;;;;;;;;;;;;;AAnCV,SAAgBA,gBAAgB;AAChC,OAAO;AAEP,OAAOC,WAAW;AAClB,SAASC,2BAA2B;AAEpC,SAASC,YAAYC,OAAc;AAAAC;AACjC,QAAMC,MAAO,iCAAgCF,MAAMG,UAAUH,MAAMI,MAAMJ,MAAMK;AAC/E,QAAMC,UAAW,iCAAgCN,MAAMG,UAAUH,MAAMI,MAAMJ,MAAMK;AACnF,QAAME,eAA+B;AACrC,QAAM,CAACC,WAAWC,YAAY,IAAIb,SAAS,KAAK;AAChD,QAAM,CAACc,OAAOC,QAAQ,IAAIf,SAASW,YAAY;AAE/C,WAASK,aAAa;AACpBH,iBAAa,KAAK;AAAA,EACpB;AAEA,QAAM;AAAA,IAAEI,OAAO;AAAA,EAAG,IAAIf,oBAAoBE,MAAMI,EAAE;AAElD,QAAMU,SAAS,eAAeC,YAAY;AACxC,QAAI;AACFJ,eAASE,KAAKG,GAAqB;AAAA,IACrC,SAASC,KAAP;AAAA,IAAa;AAAA,EACjB;AAEA,SACE,uBAAC,SACC;AAAA,2BAAC,SACC,WAAU,QACV,SAAS,MAAM;AACbR,mBAAa,IAAI;AACjBK,aAAM;AAAA,IACR,GAEA;AAAA,6BAAC,SAAI,WAAU,eACb,iCAAC,SAAI,WAAU,aAAY,KAAKZ,KAAK,KAAI,SAAzC;AAAA;AAAA;AAAA;AAAA,aAA8C,KADhD;AAAA;AAAA;AAAA;AAAA,aAEA;AAAA,MACA,uBAAC,SAAI,WAAU,eAAeF,gBAAMkB,SAApC;AAAA;AAAA;AAAA;AAAA,aAA0C;AAAA,SAV5C;AAAA;AAAA;AAAA;AAAA,WAWA;AAAA,IACA,uBAAC,SACC,QAAQV,WACR,IAAIR,MAAMI,IACV,SAASQ,YACT,OACA,KAAKN,WALP;AAAA;AAAA;AAAA;AAAA,WAMC;AAAA,OAnBH;AAAA;AAAA;AAAA;AAAA,SAoBA;AAEJ;AAACL,GA1CQF,aAAW;AAAA,UAWID,mBAAmB;AAAA;AAAAqB,KAXlCpB;AA4CT,eAAeA;AAAY;AAAAqB",
      "names": [
        "useState",
        "Modal",
        "useGetOnePhotoQuery",
        "OneFotoCard",
        "props",
        "_s",
        "URL",
        "server",
        "id",
        "secret",
        "URL_BIG",
        "newFotoArray",
        "showModal",
        "setShowModal",
        "modal",
        "setModal",
        "closeModal",
        "data",
        "result",
        "onLoading",
        "set",
        "err",
        "title",
        "_c",
        "$RefreshReg$"
      ],
      "sources": [
        "C:/Users/Anastasia/react-task/src/components/oneFotoCard/OneFotoCard.tsx"
      ],
      "file": "C:/Users/Anastasia/react-task/src/components/oneFotoCard/OneFotoCard.tsx"
    },
    "_coverageSchema": "1a1c01bbd47fc00a2c39e90264f33305004495a9",
    "hash": "5d31b267fc592a638d426141793c92f14d8709d0"
  },
  "C:/Users/Anastasia/react-task/src/components/fotoCards/FotoCards.tsx": {
    "path": "C:/Users/Anastasia/react-task/src/components/fotoCards/FotoCards.tsx",
    "statementMap": {
      "0": {
        "start": {
          "line": 5,
          "column": 0
        },
        "end": {
          "line": 15,
          "column": 1
        }
      },
      "1": {
        "start": {
          "line": 6,
          "column": 2
        },
        "end": {
          "line": 8,
          "column": 3
        }
      },
      "2": {
        "start": {
          "line": 7,
          "column": 4
        },
        "end": {
          "line": 7,
          "column": 165
        }
      },
      "3": {
        "start": {
          "line": 9,
          "column": 2
        },
        "end": {
          "line": 9,
          "column": 39
        }
      },
      "4": {
        "start": {
          "line": 10,
          "column": 2
        },
        "end": {
          "line": 10,
          "column": 39
        }
      },
      "5": {
        "start": {
          "line": 11,
          "column": 2
        },
        "end": {
          "line": 13,
          "column": 4
        }
      },
      "6": {
        "start": {
          "line": 12,
          "column": 4
        },
        "end": {
          "line": 12,
          "column": 112
        }
      },
      "7": {
        "start": {
          "line": 14,
          "column": 2
        },
        "end": {
          "line": 14,
          "column": 75
        }
      },
      "8": {
        "start": {
          "line": 19,
          "column": 19
        },
        "end": {
          "line": 23,
          "column": 11
        }
      },
      "9": {
        "start": {
          "line": 19,
          "column": 60
        },
        "end": {
          "line": 23,
          "column": 10
        }
      },
      "10": {
        "start": {
          "line": 24,
          "column": 2
        },
        "end": {
          "line": 28,
          "column": 11
        }
      },
      "11": {
        "start": {
          "line": 30,
          "column": 0
        },
        "end": {
          "line": 30,
          "column": 15
        }
      },
      "12": {
        "start": {
          "line": 33,
          "column": 0
        },
        "end": {
          "line": 33,
          "column": 30
        }
      },
      "13": {
        "start": {
          "line": 34,
          "column": 0
        },
        "end": {
          "line": 50,
          "column": 1
        }
      },
      "14": {
        "start": {
          "line": 35,
          "column": 2
        },
        "end": {
          "line": 35,
          "column": 39
        }
      },
      "15": {
        "start": {
          "line": 36,
          "column": 2
        },
        "end": {
          "line": 36,
          "column": 39
        }
      },
      "16": {
        "start": {
          "line": 37,
          "column": 2
        },
        "end": {
          "line": 49,
          "column": 5
        }
      },
      "17": {
        "start": {
          "line": 41,
          "column": 4
        },
        "end": {
          "line": 41,
          "column": 138
        }
      },
      "18": {
        "start": {
          "line": 42,
          "column": 4
        },
        "end": {
          "line": 48,
          "column": 7
        }
      },
      "19": {
        "start": {
          "line": 43,
          "column": 6
        },
        "end": {
          "line": 44,
          "column": 15
        }
      },
      "20": {
        "start": {
          "line": 44,
          "column": 8
        },
        "end": {
          "line": 44,
          "column": 15
        }
      },
      "21": {
        "start": {
          "line": 45,
          "column": 32
        },
        "end": {
          "line": 45,
          "column": 115
        }
      },
      "22": {
        "start": {
          "line": 46,
          "column": 6
        },
        "end": {
          "line": 47,
          "column": 54
        }
      },
      "23": {
        "start": {
          "line": 47,
          "column": 8
        },
        "end": {
          "line": 47,
          "column": 54
        }
      }
    },
    "fnMap": {
      "0": {
        "name": "(anonymous_0)",
        "decl": {
          "start": {
            "line": 11,
            "column": 24
          },
          "end": {
            "line": 11,
            "column": 25
          }
        },
        "loc": {
          "start": {
            "line": 11,
            "column": 38
          },
          "end": {
            "line": 13,
            "column": 3
          }
        },
        "line": 11
      },
      "1": {
        "name": "FotoCards",
        "decl": {
          "start": {
            "line": 18,
            "column": 9
          },
          "end": {
            "line": 18,
            "column": 18
          }
        },
        "loc": {
          "start": {
            "line": 18,
            "column": 26
          },
          "end": {
            "line": 29,
            "column": 1
          }
        },
        "line": 18
      },
      "2": {
        "name": "(anonymous_2)",
        "decl": {
          "start": {
            "line": 19,
            "column": 34
          },
          "end": {
            "line": 19,
            "column": 35
          }
        },
        "loc": {
          "start": {
            "line": 19,
            "column": 60
          },
          "end": {
            "line": 23,
            "column": 10
          }
        },
        "line": 19
      },
      "3": {
        "name": "(anonymous_3)",
        "decl": {
          "start": {
            "line": 40,
            "column": 9
          },
          "end": {
            "line": 40,
            "column": 10
          }
        },
        "loc": {
          "start": {
            "line": 40,
            "column": 29
          },
          "end": {
            "line": 49,
            "column": 3
          }
        },
        "line": 40
      },
      "4": {
        "name": "(anonymous_4)",
        "decl": {
          "start": {
            "line": 42,
            "column": 27
          },
          "end": {
            "line": 42,
            "column": 28
          }
        },
        "loc": {
          "start": {
            "line": 42,
            "column": 44
          },
          "end": {
            "line": 48,
            "column": 5
          }
        },
        "line": 42
      }
    },
    "branchMap": {
      "0": {
        "loc": {
          "start": {
            "line": 5,
            "column": 0
          },
          "end": {
            "line": 15,
            "column": 1
          }
        },
        "type": "if",
        "locations": [
          {
            "start": {
              "line": 5,
              "column": 0
            },
            "end": {
              "line": 15,
              "column": 1
            }
          },
          {
            "start": {},
            "end": {}
          }
        ],
        "line": 5
      },
      "1": {
        "loc": {
          "start": {
            "line": 6,
            "column": 2
          },
          "end": {
            "line": 8,
            "column": 3
          }
        },
        "type": "if",
        "locations": [
          {
            "start": {
              "line": 6,
              "column": 2
            },
            "end": {
              "line": 8,
              "column": 3
            }
          },
          {
            "start": {},
            "end": {}
          }
        ],
        "line": 6
      },
      "2": {
        "loc": {
          "start": {
            "line": 34,
            "column": 0
          },
          "end": {
            "line": 50,
            "column": 1
          }
        },
        "type": "if",
        "locations": [
          {
            "start": {
              "line": 34,
              "column": 0
            },
            "end": {
              "line": 50,
              "column": 1
            }
          },
          {
            "start": {},
            "end": {}
          }
        ],
        "line": 34
      },
      "3": {
        "loc": {
          "start": {
            "line": 43,
            "column": 6
          },
          "end": {
            "line": 44,
            "column": 15
          }
        },
        "type": "if",
        "locations": [
          {
            "start": {
              "line": 43,
              "column": 6
            },
            "end": {
              "line": 44,
              "column": 15
            }
          },
          {
            "start": {},
            "end": {}
          }
        ],
        "line": 43
      },
      "4": {
        "loc": {
          "start": {
            "line": 46,
            "column": 6
          },
          "end": {
            "line": 47,
            "column": 54
          }
        },
        "type": "if",
        "locations": [
          {
            "start": {
              "line": 46,
              "column": 6
            },
            "end": {
              "line": 47,
              "column": 54
            }
          },
          {
            "start": {},
            "end": {}
          }
        ],
        "line": 46
      }
    },
    "s": {
      "0": 1,
      "1": 1,
      "2": 0,
      "3": 1,
      "4": 1,
      "5": 1,
      "6": 1,
      "7": 1,
      "8": 0,
      "9": 0,
      "10": 0,
      "11": 1,
      "12": 1,
      "13": 1,
      "14": 1,
      "15": 1,
      "16": 1,
      "17": 0,
      "18": 0,
      "19": 0,
      "20": 0,
      "21": 0,
      "22": 0,
      "23": 0
    },
    "f": {
      "0": 1,
      "1": 0,
      "2": 0,
      "3": 0,
      "4": 0
    },
    "b": {
      "0": [
        1,
        0
      ],
      "1": [
        0,
        1
      ],
      "2": [
        1,
        0
      ],
      "3": [
        0,
        0
      ],
      "4": [
        0,
        0
      ]
    },
    "inputSourceMap": {
      "version": 3,
      "mappings": "AAOI;AAPJ,OAAOA,oBAAkB;AAAA;AAAA;AAAA;AAAA;AAAA;AAAA;AAAA;AAAA;AAAA;AAAA;AAAA;AAAA;AAAA;AAEzB,OAAO;AACP,OAAOC,iBAAiB;AAExB,SAASC,UAAUC,OAA+B;AAChD,QAAMC,WAAWD,MAAME,KAAKC,IAAKC,UAC/B,uBAAC,eAEC,IAAIA,KAAKC,IACT,OAAOD,KAAKE,OACZ,QAAQF,KAAKG,QACb,QAAQH,KAAKI,QACb,OAAOJ,KAAKK,OACZ,UAAUL,KAAKM,UACf,UAAUN,KAAKO,UACf,UAAUP,KAAKQ,YARVR,KAAKC,IADZ;AAAA;AAAA;AAAA;AAAA,SAS0B,CAE3B;AACD,SAAO,uBAAC,SAAI,WAAU,SAASJ,sBAAxB;AAAA;AAAA;AAAA;AAAA,SAAiC;AAC1C;AAACY,KAfQd;AAiBT,eAAeA;AAAU;AAAAe",
      "names": [
        "React",
        "OneFotoCard",
        "FotoCards",
        "props",
        "listItem",
        "name",
        "map",
        "item",
        "id",
        "owner",
        "secret",
        "server",
        "title",
        "ispublic",
        "isfriend",
        "isfamily",
        "_c",
        "$RefreshReg$"
      ],
      "sources": [
        "C:/Users/Anastasia/react-task/src/components/fotoCards/FotoCards.tsx"
      ],
      "file": "C:/Users/Anastasia/react-task/src/components/fotoCards/FotoCards.tsx"
    },
    "_coverageSchema": "1a1c01bbd47fc00a2c39e90264f33305004495a9",
    "hash": "65475205f598041148651a611c9c5a8ad99cf62f"
  },
  "C:/Users/Anastasia/react-task/src/pages/home/Home.tsx": {
    "path": "C:/Users/Anastasia/react-task/src/pages/home/Home.tsx",
    "statementMap": {
      "0": {
        "start": {
          "line": 5,
          "column": 0
        },
        "end": {
          "line": 15,
          "column": 1
        }
      },
      "1": {
        "start": {
          "line": 6,
          "column": 2
        },
        "end": {
          "line": 8,
          "column": 3
        }
      },
      "2": {
        "start": {
          "line": 7,
          "column": 4
        },
        "end": {
          "line": 7,
          "column": 165
        }
      },
      "3": {
        "start": {
          "line": 9,
          "column": 2
        },
        "end": {
          "line": 9,
          "column": 39
        }
      },
      "4": {
        "start": {
          "line": 10,
          "column": 2
        },
        "end": {
          "line": 10,
          "column": 39
        }
      },
      "5": {
        "start": {
          "line": 11,
          "column": 2
        },
        "end": {
          "line": 13,
          "column": 4
        }
      },
      "6": {
        "start": {
          "line": 12,
          "column": 4
        },
        "end": {
          "line": 12,
          "column": 97
        }
      },
      "7": {
        "start": {
          "line": 14,
          "column": 2
        },
        "end": {
          "line": 14,
          "column": 75
        }
      },
      "8": {
        "start": {
          "line": 16,
          "column": 9
        },
        "end": {
          "line": 16,
          "column": 23
        }
      },
      "9": {
        "start": {
          "line": 23,
          "column": 2
        },
        "end": {
          "line": 23,
          "column": 7
        }
      },
      "10": {
        "start": {
          "line": 24,
          "column": 24
        },
        "end": {
          "line": 24,
          "column": 104
        }
      },
      "11": {
        "start": {
          "line": 24,
          "column": 47
        },
        "end": {
          "line": 24,
          "column": 103
        }
      },
      "12": {
        "start": {
          "line": 27,
          "column": 6
        },
        "end": {
          "line": 27,
          "column": 38
        }
      },
      "13": {
        "start": {
          "line": 28,
          "column": 23
        },
        "end": {
          "line": 28,
          "column": 25
        }
      },
      "14": {
        "start": {
          "line": 29,
          "column": 34
        },
        "end": {
          "line": 29,
          "column": 56
        }
      },
      "15": {
        "start": {
          "line": 31,
          "column": 4
        },
        "end": {
          "line": 31,
          "column": 28
        }
      },
      "16": {
        "start": {
          "line": 33,
          "column": 17
        },
        "end": {
          "line": 38,
          "column": 3
        }
      },
      "17": {
        "start": {
          "line": 34,
          "column": 4
        },
        "end": {
          "line": 37,
          "column": 5
        }
      },
      "18": {
        "start": {
          "line": 35,
          "column": 6
        },
        "end": {
          "line": 35,
          "column": 37
        }
      },
      "19": {
        "start": {
          "line": 39,
          "column": 2
        },
        "end": {
          "line": 41,
          "column": 3
[...]
      "names": [
        "React",
        "NavLink",
        "Outlet",
        "Navbar",
        "isActive",
        "_c",
        "$RefreshReg$"
      ],
      "sources": [
        "C:/Users/Anastasia/react-task/src/components/navbar/Navbar.tsx"
      ],
      "file": "C:/Users/Anastasia/react-task/src/components/navbar/Navbar.tsx"
    },
    "_coverageSchema": "1a1c01bbd47fc00a2c39e90264f33305004495a9",
    "hash": "01042a63b00387aeb99247dea3e5973d834debfb"
  },
  "C:/Users/Anastasia/react-task/src/app/App.tsx": {
    "path": "C:/Users/Anastasia/react-task/src/app/App.tsx",
    "statementMap": {
      "0": {
        "start": {
          "line": 5,
          "column": 0
        },
        "end": {
          "line": 15,
          "column": 1
        }
      },
      "1": {
        "start": {
          "line": 6,
          "column": 2
        },
        "end": {
          "line": 8,
          "column": 3
        }
      },
      "2": {
        "start": {
          "line": 7,
          "column": 4
        },
        "end": {
          "line": 7,
          "column": 165
        }
      },
      "3": {
        "start": {
          "line": 9,
          "column": 2
        },
        "end": {
          "line": 9,
          "column": 39
        }
      },
      "4": {
        "start": {
          "line": 10,
          "column": 2
        },
        "end": {
          "line": 10,
          "column": 39
        }
      },
      "5": {
        "start": {
          "line": 11,
          "column": 2
        },
        "end": {
          "line": 13,
          "column": 4
        }
      },
      "6": {
        "start": {
          "line": 12,
          "column": 4
        },
        "end": {
          "line": 12,
          "column": 89
        }
      },
      "7": {
        "start": {
          "line": 14,
          "column": 2
        },
        "end": {
          "line": 14,
          "column": 75
        }
      },
      "8": {
        "start": {
          "line": 25,
          "column": 2
        },
        "end": {
          "line": 74,
          "column": 11
        }
      },
      "9": {
        "start": {
          "line": 76,
          "column": 0
        },
        "end": {
          "line": 76,
          "column": 16
        }
      },
      "10": {
        "start": {
          "line": 78,
          "column": 0
        },
        "end": {
          "line": 78,
          "column": 31
        }
      },
      "11": {
        "start": {
          "line": 79,
          "column": 0
        },
        "end": {
          "line": 95,
          "column": 1
        }
      },
      "12": {
        "start": {
          "line": 80,
          "column": 2
        },
        "end": {
          "line": 80,
          "column": 39
        }
      },
      "13": {
        "start": {
          "line": 81,
          "column": 2
        },
        "end": {
          "line": 81,
          "column": 39
        }
      },
      "14": {
        "start": {
          "line": 82,
          "column": 2
        },
        "end": {
          "line": 94,
          "column": 5
        }
      },
      "15": {
        "start": {
          "line": 86,
          "column": 4
        },
        "end": {
          "line": 86,
          "column": 115
        }
      },
      "16": {
        "start": {
          "line": 87,
          "column": 4
        },
        "end": {
          "line": 93,
          "column": 7
        }
      },
      "17": {
        "start": {
          "line": 88,
          "column": 6
        },
        "end": {
          "line": 89,
          "column": 15
        }
      },
      "18": {
        "start": {
          "line": 89,
          "column": 8
        },
        "end": {
          "line": 89,
          "column": 15
        }
      },
      "19": {
        "start": {
          "line": 90,
          "column": 32
        },
        "end": {
          "line": 90,
          "column": 115
        }
      },
      "20": {
        "start": {
          "line": 91,
          "column": 6
        },
        "end": {
          "line": 92,
          "column": 54
        }
      },
      "21": {
        "start": {
          "line": 92,
          "column": 8
        },
        "end": {
          "line": 92,
          "column": 54
        }
      }
    },
    "fnMap": {
      "0": {
        "name": "(anonymous_0)",
        "decl": {
          "start": {
            "line": 11,
            "column": 24
          },
          "end": {
            "line": 11,
            "column": 25
          }
        },
        "loc": {
          "start": {
            "line": 11,
            "column": 38
          },
          "end": {
            "line": 13,
            "column": 3
          }
        },
        "line": 11
      },
      "1": {
        "name": "WrappedApp",
        "decl": {
          "start": {
            "line": 24,
            "column": 16
          },
          "end": {
            "line": 24,
            "column": 26
          }
        },
        "loc": {
          "start": {
            "line": 24,
            "column": 29
          },
          "end": {
            "line": 75,
            "column": 1
          }
        },
        "line": 24
      },
      "2": {
        "name": "(anonymous_2)",
        "decl": {
          "start": {
            "line": 85,
            "column": 9
          },
          "end": {
            "line": 85,
            "column": 10
          }
        },
        "loc": {
          "start": {
            "line": 85,
            "column": 29
          },
          "end": {
            "line": 94,
            "column": 3
          }
        },
        "line": 85
      },
      "3": {
        "name": "(anonymous_3)",
        "decl": {
          "start": {
            "line": 87,
            "column": 27
          },
          "end": {
            "line": 87,
            "column": 28
          }
        },
        "loc": {
          "start": {
            "line": 87,
            "column": 44
          },
          "end": {
            "line": 93,
            "column": 5
          }
        },
        "line": 87
      }
    },
    "branchMap": {
      "0": {
        "loc": {
          "start": {
            "line": 5,
            "column": 0
          },
          "end": {
            "line": 15,
            "column": 1
          }
        },
        "type": "if",
        "locations": [
          {
            "start": {
              "line": 5,
              "column": 0
            },
            "end": {
              "line": 15,
              "column": 1
            }
          },
          {
            "start": {},
            "end": {}
          }
        ],
        "line": 5
      },
      "1": {
        "loc": {
          "start": {
            "line": 6,
            "column": 2
          },
          "end": {
            "line": 8,
            "column": 3
          }
        },
        "type": "if",
        "locations": [
          {
            "start": {
              "line": 6,
              "column": 2
            },
            "end": {
              "line": 8,
              "column": 3
            }
          },
          {
            "start": {},
            "end": {}
          }
        ],
        "line": 6
      },
      "2": {
        "loc": {
          "start": {
            "line": 79,
            "column": 0
          },
          "end": {
            "line": 95,
            "column": 1
          }
        },
        "type": "if",
        "locations": [
          {
            "start": {
              "line": 79,
              "column": 0
            },
            "end": {
              "line": 95,
              "column": 1
            }
          },
          {
            "start": {},
            "end": {}
          }
        ],
        "line": 79
      },
      "3": {
        "loc": {
          "start": {
            "line": 88,
            "column": 6
          },
          "end": {
            "line": 89,
            "column": 15
          }
        },
        "type": "if",
        "locations": [
          {
            "start": {
              "line": 88,
              "column": 6
            },
            "end": {
              "line": 89,
              "column": 15
            }
          },
          {
            "start": {},
            "end": {}
          }
        ],
        "line": 88
      },
      "4": {
        "loc": {
          "start": {
            "line": 91,
            "column": 6
          },
          "end": {
            "line": 92,
            "column": 54
          }
        },
        "type": "if",
        "locations": [
          {
            "start": {
              "line": 91,
              "column": 6
            },
            "end": {
              "line": 92,
              "column": 54
            }
          },
          {
            "start": {},
            "end": {}
          }
        ],
        "line": 91
      }
    },
    "s": {
      "0": 1,
      "1": 1,
      "2": 0,
      "3": 1,
      "4": 1,
      "5": 1,
      "6": 1,
      "7": 1,
      "8": 2,
      "9": 1,
      "10": 1,
      "11": 1,
      "12": 1,
      "13": 1,
      "14": 1,
      "15": 0,
      "16": 0,
      "17": 0,
      "18": 0,
      "19": 0,
      "20": 0,
      "21": 0
    },
    "f": {
      "0": 1,
      "1": 2,
      "2": 0,
      "3": 0
    },
    "b": {
      "0": [
        1,
        0
      ],
      "1": [
        0,
        1
      ],
      "2": [
        1,
        0
      ],
      "3": [
        0,
        0
      ],
      "4": [
        0,
        0
      ]
    },
    "inputSourceMap": {
      "version": 3,
      "mappings": "AAa+B;AAb/B,OAAOA,oBAAkB;AAAA;AAAA;AAAA;AAAA;AAAA;AAAA;AAAA;AAAA;AAAA;AAAA;AAAA;AAAA;AAAA;AACzB,OAAO;AACP,SAASC,OAAOC,cAAc;AAC9B,OAAOC,UAAU;AACjB,OAAOC,cAAc;AACrB,OAAOC,WAAW;AAClB,OAAOC,cAAc;AACrB,OAAOC,YAAY;AACnB,OAAO;AAEA,gBAASC,aAAa;AAC3B,SACE,uBAAC,UACC,iCAAC,SAAM,MAAK,KAAI,SAAS,uBAAC,YAAD;AAAA;AAAA;AAAA;AAAA,SAAO,GAC9B;AAAA,2BAAC,SAAM,OAAK,MAAC,SAAS,uBAAC,UAAD;AAAA;AAAA;AAAA;AAAA,WAAK,KAA3B;AAAA;AAAA;AAAA;AAAA,WAA+B;AAAA,IAC/B,uBAAC,SAAM,MAAK,KAAI,SAAS,uBAAC,cAAD;AAAA;AAAA;AAAA;AAAA,WAAS,KAAlC;AAAA;AAAA;AAAA;AAAA,WAAsC;AAAA,IACtC,uBAAC,SAAM,MAAK,SAAQ,SAAS,uBAAC,WAAD;AAAA;AAAA;AAAA;AAAA,WAAM,KAAnC;AAAA;AAAA;AAAA;AAAA,WAAuC;AAAA,IACvC,uBAAC,SAAM,MAAK,QAAO,SAAS,uBAAC,cAAD;AAAA;AAAA;AAAA;AAAA,WAAS,KAArC;AAAA;AAAA;AAAA;AAAA,WAAyC;AAAA,OAJ3C;AAAA;AAAA;AAAA;AAAA,SAKA,KANF;AAAA;AAAA;AAAA;AAAA,SAOA;AAEJ;AAACC,KAXeD;AAAU;AAAAE",
      "names": [
        "React",
        "Route",
        "Routes",
        "Home",
        "NotFound",
        "About",
        "UserData",
        "Navbar",
        "WrappedApp",
        "_c",
        "$RefreshReg$"
      ],
      "sources": [
        "C:/Users/Anastasia/react-task/src/app/App.tsx"
      ],
      "file": "C:/Users/Anastasia/react-task/src/app/App.tsx"
    },
    "_coverageSchema": "1a1c01bbd47fc00a2c39e90264f33305004495a9",
    "hash": "de78066f604e0864ad0ce3297445e27ea81b9a6b"
  },
  "C:/Users/Anastasia/react-task/src/redux/reducer.ts": {
    "path": "C:/Users/Anastasia/react-task/src/redux/reducer.ts",
    "statementMap": {
      "0": {
        "start": {
          "line": 6,
          "column": 21
        },
        "end": {
          "line": 6,
          "column": 23
        }
      },
      "1": {
        "start": {
          "line": 7,
          "column": 20
        },
        "end": {
          "line": 7,
          "column": 22
        }
      },
      "2": {
        "start": {
          "line": 8,
          "column": 18
        },
        "end": {
          "line": 8,
          "column": 20
        }
      },
      "3": {
        "start": {
          "line": 9,
          "column": 21
        },
        "end": {
          "line": 9,
          "column": 90
        }
      },
      "4": {
        "start": {
          "line": 11,
          "column": 2
        },
        "end": {
          "line": 16,
          "column": 3
        }
      },
      "5": {
        "start": {
          "line": 12,
          "column": 4
        },
        "end": {
          "line": 15,
          "column": 6
        }
      },
      "6": {
        "start": {
          "line": 17,
          "column": 2
        },
        "end": {
          "line": 22,
          "column": 3
        }
      },
      "7": {
        "start": {
          "line": 18,
          "column": 4
        },
        "end": {
          "line": 21,
          "column": 6
        }
      },
      "8": {
        "start": {
          "line": 23,
          "column": 2
        },
        "end": {
          "line": 28,
          "column": 3
        }
      },
      "9": {
        "start": {
          "line": 24,
          "column": 4
        },
        "end": {
          "line": 27,
          "column": 6
        }
      },
      "10": {
        "start": {
          "line": 29,
          "column": 2
        },
        "end": {
          "line": 29,
          "column": 15
        }
      }
    },
    "fnMap": {
      "0": {
        "name": "rootReducer",
        "decl": {
          "start": {
            "line": 10,
            "column": 24
          },
          "end": {
            "line": 10,
            "column": 35
          }
        },
        "loc": {
          "start": {
            "line": 10,
            "column": 66
          },
          "end": {
            "line": 30,
            "column": 1
          }
        },
        "line": 10
      }
    },
    "branchMap": {
      "0": {
        "loc": {
          "start": {
            "line": 10,
            "column": 36
          },
          "end": {
            "line": 10,
            "column": 56
          }
        },
        "type": "default-arg",
        "locations": [
          {
            "start": {
              "line": 10,
              "column": 44
            },
            "end": {
              "line": 10,
              "column": 56
            }
          }
        ],
        "line": 10
      },
      "1": {
        "loc": {
          "start": {
            "line": 11,
            "column": 2
          },
          "end": {
            "line": 16,
            "column": 3
          }
        },
        "type": "if",
        "locations": [
          {
            "start": {
              "line": 11,
              "column": 2
            },
            "end": {
              "line": 16,
              "column": 3
            }
          },
          {
            "start": {},
            "end": {}
          }
        ],
        "line": 11
      },
      "2": {
        "loc": {
          "start": {
            "line": 17,
            "column": 2
          },
          "end": {
            "line": 22,
            "column": 3
          }
        },
        "type": "if",
        "locations": [
          {
            "start": {
              "line": 17,
              "column": 2
            },
            "end": {
              "line": 22,
              "column": 3
            }
          },
          {
            "start": {},
            "end": {}
          }
        ],
        "line": 17
      },
      "3": {
        "loc": {
          "start": {
            "line": 23,
            "column": 2
          },
          "end": {
            "line": 28,
            "column": 3
          }
        },
        "type": "if",
        "locations": [
          {
            "start": {
              "line": 23,
              "column": 2
            },
            "end": {
              "line": 28,
              "column": 3
            }
          },
          {
            "start": {},
            "end": {}
          }
        ],
        "line": 23
      }
    },
    "s": {
      "0": 1,
      "1": 1,
      "2": 1,
      "3": 1,
      "4": 3,
      "5": 0,
      "6": 3,
      "7": 0,
      "8": 3,
      "9": 0,
      "10": 3
    },
    "f": {
      "0": 3
    },
    "b": {
      "0": [
        3
      ],
      "1": [
        0,
        3
      ],
      "2": [
        0,
        3
      ],
      "3": [
        0,
        3
      ]
    },
    "inputSourceMap": {
      "version": 3,
      "sources": [
        "C:/Users/Anastasia/react-task/src/redux/reducer.ts"
      ],
      "mappings": "AAAA;AAAA,EACE;AAAA,EACA;AAAA,EACA;AAAA,OAIK;AAGP,MAAM,eAAgC,CAAC;AACvC,MAAM,cAAwB,CAAC;AAC/B,MAAM,YAAY;AAClB,MAAM,eAAe,EAAE,WAAW,cAAc,UAAU,aAAa,QAAQ,UAAU;AAOzF,wBAAwB,YAAY,QAAQ,cAAc,QAAsB;AAC9E,MAAI,OAAO,SAAS,YAAY;AAC9B,WAAO;AAAA,MACL,GAAG;AAAA,MACH,WAAW,CAAC,GAAG,MAAM,WAAW,GAAG,CAAC,MAAM,QAAQ,CAAC;AAAA,IACrD;AAAA,EACF;AACA,MAAI,OAAO,SAAS,WAAW;AAC7B,WAAO;AAAA,MACL,GAAG;AAAA,MACH,UAAU,OAAO;AAAA,IACnB;AAAA,EACF;AACA,MAAI,OAAO,SAAS,cAAc;AAChC,WAAO;AAAA,MACL,GAAG;AAAA,MACH,QAAQ,OAAO;AAAA,IACjB;AAAA,EACF;AACA,SAAO;AACT;",
      "names": []
    },
    "_coverageSchema": "1a1c01bbd47fc00a2c39e90264f33305004495a9",
    "hash": "287ace49e5d165b5ccbc171290fb367e860cef6f"
  },
  "C:/Users/Anastasia/react-task/src/store.ts": {
    "path": "C:/Users/Anastasia/react-task/src/store.ts",
    "statementMap": {
      "0": {
        "start": {
          "line": 4,
          "column": 14
        },
        "end": {
          "line": 11,
          "column": 2
        }
      },
      "1": {
        "start": {
          "line": 9,
          "column": 38
        },
        "end": {
          "line": 9,
          "column": 86
        }
      }
    },
    "fnMap": {
      "0": {
        "name": "(anonymous_0)",
        "decl": {
          "start": {
            "line": 9,
            "column": 14
          },
          "end": {
            "line": 9,
            "column": 15
          }
        },
        "loc": {
          "start": {
            "line": 9,
            "column": 38
          },
          "end": {
            "line": 9,
            "column": 86
          }
        },
        "line": 9
      }
    },
    "branchMap": {},
    "s": {
      "0": 1,
      "1": 1
    },
    "f": {
      "0": 1
    },
    "b": {},
    "inputSourceMap": {
      "version": 3,
      "sources": [
        "C:/Users/Anastasia/react-task/src/store.ts"
      ],
      "mappings": "AAAA,SAAS,sBAAsB;AAG/B,OAAO,iBAAiB;AACxB,SAAS,gBAAgB;AAEzB,MAAM,QAAQ,eAAe;AAAA,EAC3B,SAAS;AAAA,IACP;AAAA,IACA,CAAC,SAAS,WAAW,GAAG,SAAS;AAAA,EACnC;AAAA,EACA,YAAY,CAAC,uBAAuB,mBAAmB,EAAE,OAAO,SAAS,UAAU;AAAA,EACnF,UAAU,QAAQ,IAAI,aAAa;AACrC,CAAC;AAED,eAAe;",
      "names": []
    },
    "_coverageSchema": "1a1c01bbd47fc00a2c39e90264f33305004495a9",
    "hash": "5ea4269156da956279fc412b6147ef02fb4bd4b8"
  },
  "C:/Users/Anastasia/react-task/src/entry-client.tsx": {
    "path": "C:/Users/Anastasia/react-task/src/entry-client.tsx",
    "statementMap": {
      "0": {
        "start": {
          "line": 8,
          "column": 0
        },
        "end": {
          "line": 24,
          "column": 10
        }
      }
    },
    "fnMap": {},
    "branchMap": {},
    "s": {
      "0": 1
    },
    "f": {},
    "b": {},
    "inputSourceMap": {
      "version": 3,
      "mappings": "AAYQ;AAZR,OAAOA,cAAc;AACrB,SAASC,qBAAqB;AAC9B,SAASC,kBAAkB;AAC3B,SAASC,gBAAgB;AACzB,OAAOC,WAAW;AAClB,OAAOC,WAAW;AAElBL,SAASM,YACPC,SAASC,eAAe,MAAM,GAC9B,uBAAC,MAAM,YAAN,EACC,iCAAC,YAAS,OACR,iCAAC,iBACC,iCAAC,gBAAD;AAAA;AAAA;AAAA;AAAA,OAAW,KADb;AAAA;AAAA;AAAA;AAAA,OAEA,KAHF;AAAA;AAAA;AAAA;AAAA,OAIA,KALF;AAAA;AAAA;AAAA;AAAA,OAMA,CAAmB",
      "names": [
        "ReactDOM",
        "BrowserRouter",
        "WrappedApp",
        "Provider",
        "store",
        "React",
        "hydrateRoot",
        "document",
        "getElementById"
      ],
      "sources": [
        "C:/Users/Anastasia/react-task/src/entry-client.tsx"
      ],
      "file": "C:/Users/Anastasia/react-task/src/entry-client.tsx"
    },
    "_coverageSchema": "1a1c01bbd47fc00a2c39e90264f33305004495a9",
    "hash": "f8c7ccbd7e56327408d090e777dde2f14e9e0e8f"
  }
}