TN:
SF:src\entry-client.tsx
FNF:0
FNH:0
DA:8,4
LF:1
LH:1
BRF:0
BRH:0
end_of_record
TN:
SF:src\store.ts
FN:12,(anonymous_0)
FNF:1
FNH:1
FNDA:4,(anonymous_0)
DA:7,4
DA:12,4
LF:2
LH:2
BRF:0
BRH:0
end_of_record
TN:
SF:src\app\App.tsx
FN:1,(anonymous_0)
FN:11,WrappedApp
FNF:2
FNH:2
FNDA:4,(anonymous_0)
FNDA:8,WrappedApp
DA:1,28
DA:11,4
DA:12,8
DA:22,4
LF:4
LH:4
BRDA:1,0,0,4
BRF:1
BRH:1
end_of_record
TN:
SF:src\components\UI\checkbox\CheckBox.tsx
FN:1,(anonymous_0)
FN:6,CheckBox
FNF:2
FNH:2
FNDA:4,(anonymous_0)
FNDA:8,CheckBox
DA:1,28
DA:7,8
DA:29,4
DA:31,4
LF:4
LH:4
BRDA:1,0,0,4
BRDA:22,1,0,2
BRDA:22,1,1,6
BRF:3
BRH:3
end_of_record
TN:
SF:src\components\UI\dropdown\DropDown.tsx
FN:1,(anonymous_0)
FN:6,DropDown
FNF:2
FNH:2
FNDA:4,(anonymous_0)
FNDA:8,DropDown
DA:1,28
DA:7,8
DA:22,4
DA:24,4
LF:4
LH:4
BRDA:1,0,0,4
BRDA:15,1,0,0
BRDA:15,1,1,8
BRF:3
BRH:2
end_of_record
TN:
SF:src\components\UI\filefield\FileField.tsx
FN:1,(anonymous_0)
FN:6,FileField
FNF:2
FNH:2
FNDA:4,(anonymous_0)
FNDA:8,FileField
DA:1,28
DA:7,8
DA:22,4
DA:24,4
LF:4
LH:4
BRDA:1,0,0,4
BRDA:15,1,0,2
BRDA:15,1,1,6
BRF:3
BRH:3
end_of_record
TN:
SF:src\components\UI\inputs\DataField.tsx
FN:1,(anonymous_0)
FN:6,DataField
FNF:2
FNH:2
FNDA:4,(anonymous_0)
FNDA:8,DataField
DA:1,28
DA:7,8
DA:21,4
DA:23,4
LF:4
LH:4
BRDA:1,0,0,4
BRDA:14,1,0,2
BRDA:14,1,1,6
BRF:3
BRH:3
end_of_record
TN:
SF:src\components\UI\inputs\NameField.tsx
FN:1,(anonymous_0)
FN:6,NameField
FNF:2
FNH:2
FNDA:4,(anonymous_0)
FNDA:8,NameField
DA:1,28
DA:7,8
DA:22,4
DA:24,4
LF:4
LH:4
BRDA:1,0,0,4
BRDA:15,1,0,2
BRDA:15,1,1,6
BRF:3
BRH:3
end_of_record
TN:
SF:src\components\UI\radioButton\RadioButton.tsx
FN:1,(anonymous_0)
FN:6,RadioButton
FNF:2
FNH:2
FNDA:4,(anonymous_0)
FNDA:8,RadioButton
DA:1,28
DA:7,8
DA:26,4
DA:28,4
LF:4
LH:4
BRDA:1,0,0,4
BRDA:19,1,0,2
BRDA:19,1,1,6
BRF:3
BRH:3
end_of_record
TN:
SF:src\components\form\Form.tsx
FN:15,Form
FN:25,(anonymous_2)
FN:15,(anonymous_3)
FNF:3
FNH:2
FNDA:8,Form
FNDA:0,(anonymous_2)
FNDA:3,(anonymous_3)
DA:15,8
DA:21,8
DA:23,8
DA:25,8
DA:26,0
DA:34,0
DA:35,0
DA:37,0
DA:38,0
DA:41,8
DA:76,4
DA:78,4
LF:12
LH:7
BRDA:45,0,0,2
BRDA:45,0,1,6
BRDA:52,1,0,2
BRDA:52,1,1,6
BRDA:57,2,0,2
BRDA:57,2,1,6
BRDA:61,3,0,0
BRDA:61,3,1,8
BRDA:64,4,0,2
BRDA:64,4,1,6
BRDA:68,5,0,2
BRDA:68,5,1,6
BRF:12
BRH:11
end_of_record
TN:
SF:src\components\fotoCards\FotoCards.tsx
FN:1,(anonymous_0)
FN:6,FotoCards
FN:7,(anonymous_2)
FNF:3
FNH:2
FNDA:4,(anonymous_0)
FNDA:6,FotoCards
FNDA:0,(anonymous_2)
DA:1,28
DA:7,6
DA:8,0
DA:20,6
DA:21,4
DA:23,4
LF:6
LH:5
BRDA:1,0,0,4
BRF:1
BRH:1
end_of_record
TN:
SF:src\components\message-err\MessageErr.tsx
FN:1,(anonymous_0)
FN:5,MessageErr
FNF:2
FNH:2
FNDA:4,(anonymous_0)
FNDA:48,MessageErr
DA:1,28
DA:6,48
DA:7,4
DA:9,4
LF:4
LH:4
BRDA:1,0,0,4
BRF:1
BRH:1
end_of_record
TN:
SF:src\components\modal\Modal.tsx
FN:1,(anonymous_0)
FN:5,Modal
FN:21,(anonymous_2)
FN:41,(anonymous_3)
FNF:4
FNH:1
FNDA:4,(anonymous_0)
FNDA:0,Modal
FNDA:0,(anonymous_2)
FNDA:0,(anonymous_3)
DA:1,28
DA:6,0
DA:7,0
DA:10,0
DA:12,0
DA:14,0
DA:18,0
DA:19,0
DA:21,0
DA:39,0
DA:41,0
DA:53,4
DA:55,4
LF:13
LH:3
BRDA:1,0,0,4
BRDA:6,1,0,0
BRDA:10,2,0,0
BRDA:10,2,1,0
BRDA:10,3,0,0
BRDA:10,3,1,0
BRDA:10,3,2,0
BRDA:12,4,0,0
BRDA:12,4,1,0
BRDA:12,5,0,0
BRDA:12,5,1,0
BRDA:12,5,2,0
BRDA:14,6,0,0
BRDA:14,6,1,0
BRDA:14,7,0,0
BRDA:14,7,1,0
BRDA:14,7,2,0
BRDA:18,8,0,0
BRDA:18,8,1,0
BRDA:28,9,0,0
BRDA:28,9,1,0
BRDA:30,10,0,0
BRDA:30,10,1,0
BRDA:32,11,0,0
BRDA:32,11,1,0
BRF:25
BRH:1
end_of_record
TN:
SF:src\components\navbar\Navbar.tsx
FN:1,(anonymous_0)
FN:6,Navbar
FN:14,(anonymous_2)
FN:20,(anonymous_3)
FN:26,(anonymous_4)
FNF:5
FNH:5
FNDA:4,(anonymous_0)
FNDA:8,Navbar
FNDA:14,(anonymous_2)
FNDA:14,(anonymous_3)
FNDA:14,(anonymous_4)
DA:1,28
DA:7,8
DA:14,14
DA:20,14
DA:26,14
DA:38,4
DA:40,4
LF:7
LH:7
BRDA:1,0,0,4
BRDA:14,1,0,4
BRDA:14,1,1,10
BRDA:20,2,0,4
BRDA:20,2,1,10
BRDA:26,3,0,6
BRDA:26,3,1,8
BRF:7
BRH:7
end_of_record
TN:
SF:src\components\oneFotoCard\OneFotoCard.tsx
FN:7,OneFotoCard
FN:14,closeModal
FN:20,onLoading
FN:30,(anonymous_4)
FN:7,(anonymous_5)
FNF:5
FNH:0
FNDA:0,OneFotoCard
FNDA:0,closeModal
FNDA:0,onLoading
FNDA:0,(anonymous_4)
FNDA:0,(anonymous_5)
DA:7,0
DA:8,0
DA:9,0
DA:10,0
DA:11,0
DA:12,0
DA:15,0
DA:18,4
DA:20,0
DA:21,0
DA:22,0
DA:26,0
DA:31,0
DA:32,0
DA:49,4
DA:51,4
LF:16
LH:3
BRDA:18,0,0,0
BRF:1
BRH:0
end_of_record
TN:
SF:src\components\oneUserCard\OneUserCard.tsx
FN:1,(anonymous_0)
FN:5,OneUserCards
FNF:2
FNH:1
FNDA:4,(anonymous_0)
FNDA:0,OneUserCards
DA:1,28
DA:6,0
DA:28,4
DA:30,4
LF:4
LH:3
BRDA:1,0,0,4
BRF:1
BRH:1
end_of_record
TN:
SF:src\components\searchbar\Searchbar.tsx
FN:9,Searchbar
FN:11,(anonymous_2)
FN:16,handleSubmit
FN:34,(anonymous_4)
FN:9,(anonymous_5)
FNF:5
FNH:3
FNDA:6,Searchbar
FNDA:11,(anonymous_2)
FNDA:0,handleSubmit
FNDA:0,(anonymous_4)
FNDA:1,(anonymous_5)
DA:9,6
DA:10,6
DA:11,11
DA:12,6
DA:14,6
DA:17,0
DA:18,0
DA:19,0
DA:20,0
DA:22,0
DA:26,6
DA:35,0
DA:44,4
DA:46,4
LF:14
LH:8
BRDA:14,0,0,6
BRDA:39,1,0,0
BRDA:39,1,1,6
BRF:3
BRH:2
end_of_record
TN:
SF:src\components\userCards\UserCards.tsx
FN:7,UserCards
FN:8,(anonymous_2)
FN:9,(anonymous_3)
FN:20,(anonymous_4)
FN:7,(anonymous_5)
FNF:5
FNH:3
FNDA:6,UserCards
FNDA:6,(anonymous_2)
FNDA:0,(anonymous_3)
FNDA:0,(anonymous_4)
FNDA:3,(anonymous_5)
DA:7,6
DA:8,6
DA:9,6
DA:10,0
DA:13,6
DA:14,6
DA:20,0
DA:21,0
DA:28,4
DA:30,4
LF:10
LH:7
BRDA:13,0,0,6
BRDA:13,0,1,0
BRF:2
BRH:1
end_of_record
TN:
SF:src\pages\about\About.tsx
FN:1,(anonymous_0)
FN:3,About
FNF:2
FNH:2
FNDA:4,(anonymous_0)
FNDA:4,About
DA:1,28
DA:4,4
DA:9,4
DA:11,4
LF:4
LH:4
BRDA:1,0,0,4
BRF:1
BRH:1
end_of_record
TN:
SF:src\pages\home\Home.tsx
FN:8,Home
FN:9,(anonymous_2)
FN:16,updateFotoData
FN:20,onLoading
FN:8,(anonymous_5)
FNF:5
FNH:4
FNDA:6,Home
FNDA:10,(anonymous_2)
FNDA:0,updateFotoData
FNDA:6,onLoading
FNDA:1,(anonymous_5)
DA:8,6
DA:9,6
DA:10,10
DA:12,6
DA:13,6
DA:14,6
DA:17,0
DA:20,6
DA:21,6
DA:22,6
DA:26,6
DA:27,6
DA:30,6
DA:36,4
DA:38,4
LF:15
LH:14
BRDA:10,0,0,0
BRDA:10,0,1,10
BRDA:12,1,0,6
BRDA:26,2,0,6
BRF:4
BRH:3
end_of_record
TN:
SF:src\pages\notFound\NotFound.tsx
FN:1,(anonymous_0)
FN:5,NotFound
FNF:2
FNH:1
FNDA:4,(anonymous_0)
FNDA:0,NotFound
DA:1,28
DA:6,0
DA:15,4
DA:17,4
LF:4
LH:3
BRDA:1,0,0,4
BRF:1
BRH:1
end_of_record
TN:
SF:src\pages\userdata\UserData.tsx
FN:1,(anonymous_0)
FN:6,UserData
FNF:2
FNH:2
FNDA:4,(anonymous_0)
FNDA:6,UserData
DA:1,28
DA:7,6
DA:16,4
DA:18,4
LF:4
LH:4
BRDA:1,0,0,4
BRF:1
BRH:1
end_of_record
TN:
SF:src\redux\actions.ts
FN:7,inferLiteralFromString
FN:11,(anonymous_1)
FN:15,(anonymous_2)
FN:19,(anonymous_3)
FNF:4
FNH:0
FNDA:0,inferLiteralFromString
FNDA:0,(anonymous_1)
FNDA:0,(anonymous_2)
FNDA:0,(anonymous_3)
DA:3,4
DA:4,4
DA:5,4
DA:8,0
DA:11,4
DA:12,0
DA:15,4
DA:16,0
DA:19,4
DA:20,0
LF:10
LH:6
BRF:0
BRH:0
end_of_record
TN:
SF:src\redux\reducer.ts
FN:21,rootReducer
FNF:1
FNH:1
FNDA:17,rootReducer
DA:11,4
DA:12,4
DA:13,4
DA:14,4
DA:22,17
DA:23,0
DA:28,17
DA:29,0
DA:34,17
DA:35,0
DA:40,17
LF:11
LH:8
BRDA:21,0,0,12
BRDA:22,1,0,0
BRDA:28,2,0,0
BRDA:34,3,0,0
BRF:4
BRH:1
end_of_record
TN:
SF:src\services\api.ts
FN:8,(anonymous_0)
FN:10,(anonymous_1)
FN:16,(anonymous_2)
FNF:3
FNH:2
FNDA:4,(anonymous_0)
FNDA:1,(anonymous_1)
FNDA:0,(anonymous_2)
DA:3,4
DA:5,4
DA:8,4
DA:11,1
DA:17,0
DA:22,4
LF:6
LH:5
BRDA:12,0,0,0
BRDA:12,0,1,1
BRF:2
BRH:1
end_of_record
