TN:
SF:src\entry-client.tsx
FNF:0
FNH:0
DA:8,9
LF:1
LH:1
BRF:0
BRH:0
end_of_record
TN:
SF:src\store.ts
FN:10,(anonymous_0)
FNF:1
FNH:1
FNDA:9,(anonymous_0)
DA:5,9
DA:10,9
LF:2
LH:2
BRF:0
BRH:0
end_of_record
TN:
SF:src\app\App.tsx
FN:1,(anonymous_0)
FN:11,WrappedApp
FNF:2
FNH:2
FNDA:9,(anonymous_0)
FNDA:18,WrappedApp
DA:1,63
DA:11,9
DA:12,18
DA:22,9
LF:4
LH:4
BRDA:1,0,0,9
BRF:1
BRH:1
end_of_record
TN:
SF:src\components\UI\checkbox\CheckBox.tsx
FN:1,(anonymous_0)
FN:6,CheckBox
FNF:2
FNH:2
FNDA:9,(anonymous_0)
FNDA:8,CheckBox
DA:1,63
DA:7,8
DA:29,9
DA:31,9
LF:4
LH:4
BRDA:1,0,0,9
BRDA:22,1,0,2
BRDA:22,1,1,6
BRF:3
BRH:3
end_of_record
TN:
SF:src\components\UI\dropdown\DropDown.tsx
FN:1,(anonymous_0)
FN:6,DropDown
FNF:2
FNH:2
FNDA:9,(anonymous_0)
FNDA:8,DropDown
DA:1,63
DA:7,8
DA:22,9
DA:24,9
LF:4
LH:4
BRDA:1,0,0,9
BRDA:15,1,0,0
BRDA:15,1,1,8
BRF:3
BRH:2
end_of_record
TN:
SF:src\components\UI\filefield\FileField.tsx
FN:1,(anonymous_0)
FN:6,FileField
FNF:2
FNH:2
FNDA:9,(anonymous_0)
FNDA:8,FileField
DA:1,63
DA:7,8
DA:23,9
DA:25,9
LF:4
LH:4
BRDA:1,0,0,9
BRDA:16,1,0,2
BRDA:16,1,1,6
BRF:3
BRH:3
end_of_record
TN:
SF:src\components\UI\inputs\DataField.tsx
FN:1,(anonymous_0)
FN:6,DataField
FNF:2
FNH:2
FNDA:9,(anonymous_0)
FNDA:8,DataField
DA:1,63
DA:7,8
DA:21,9
DA:23,9
LF:4
LH:4
BRDA:1,0,0,9
BRDA:14,1,0,2
BRDA:14,1,1,6
BRF:3
BRH:3
end_of_record
TN:
SF:src\components\UI\inputs\NameField.tsx
FN:1,(anonymous_0)
FN:6,NameField
FNF:2
FNH:2
FNDA:9,(anonymous_0)
FNDA:8,NameField
DA:1,63
DA:7,8
DA:22,9
DA:24,9
LF:4
LH:4
BRDA:1,0,0,9
BRDA:15,1,0,2
BRDA:15,1,1,6
BRF:3
BRH:3
end_of_record
TN:
SF:src\components\UI\radioButton\RadioButton.tsx
FN:1,(anonymous_0)
FN:6,RadioButton
FNF:2
FNH:2
FNDA:9,(anonymous_0)
FNDA:8,RadioButton
DA:1,63
DA:7,8
DA:26,9
DA:28,9
LF:4
LH:4
BRDA:1,0,0,9
BRDA:19,1,0,2
BRDA:19,1,1,6
BRF:3
BRH:3
end_of_record
TN:
SF:src\components\form\Form.tsx
FN:15,Form
FN:25,(anonymous_2)
FN:15,(anonymous_3)
FNF:3
FNH:2
FNDA:8,Form
FNDA:0,(anonymous_2)
FNDA:3,(anonymous_3)
DA:15,8
DA:21,8
DA:23,9
DA:25,8
DA:26,0
DA:34,0
DA:35,0
DA:37,0
DA:38,0
DA:41,8
DA:76,9
DA:78,9
LF:12
LH:7
BRDA:45,0,0,2
BRDA:45,0,1,6
BRDA:52,1,0,2
BRDA:52,1,1,6
BRDA:57,2,0,2
BRDA:57,2,1,6
BRDA:61,3,0,0
BRDA:61,3,1,8
BRDA:64,4,0,2
BRDA:64,4,1,6
BRDA:68,5,0,2
BRDA:68,5,1,6
BRF:12
BRH:11
end_of_record
TN:
SF:src\components\fotoCards\FotoCards.tsx
FN:1,(anonymous_0)
FN:6,FotoCards
FN:7,(anonymous_2)
FNF:3
FNH:3
FNDA:9,(anonymous_0)
FNDA:42,FotoCards
FNDA:72,(anonymous_2)
DA:1,63
DA:7,42
DA:8,72
DA:20,42
DA:21,9
DA:23,9
LF:6
LH:6
BRDA:1,0,0,9
BRF:1
BRH:1
end_of_record
TN:
SF:src\components\message-err\MessageErr.tsx
FN:1,(anonymous_0)
FN:5,MessageErr
FNF:2
FNH:2
FNDA:9,(anonymous_0)
FNDA:48,MessageErr
DA:1,63
DA:6,48
DA:7,9
DA:9,9
LF:4
LH:4
BRDA:1,0,0,9
BRF:1
BRH:1
end_of_record
TN:
SF:src\components\modal\Modal.tsx
FN:1,(anonymous_0)
FN:5,Modal
FN:21,(anonymous_2)
FN:41,(anonymous_3)
FNF:4
FNH:3
FNDA:9,(anonymous_0)
FNDA:152,Modal
FNDA:0,(anonymous_2)
FNDA:1,(anonymous_3)
DA:1,63
DA:6,152
DA:7,146
DA:10,6
DA:12,6
DA:14,6
DA:18,6
DA:19,0
DA:21,0
DA:39,6
DA:41,1
DA:53,9
DA:55,9
LF:13
LH:11
BRDA:1,0,0,9
BRDA:6,1,0,146
BRDA:10,2,0,0
BRDA:10,2,1,6
BRDA:10,3,0,6
BRDA:10,3,1,0
BRDA:10,3,2,0
BRDA:12,4,0,0
BRDA:12,4,1,6
BRDA:12,5,0,6
BRDA:12,5,1,0
BRDA:12,5,2,0
BRDA:14,6,0,0
BRDA:14,6,1,6
BRDA:14,7,0,6
BRDA:14,7,1,0
BRDA:14,7,2,0
BRDA:18,8,0,0
BRDA:18,8,1,6
BRDA:28,9,0,0
BRDA:28,9,1,0
BRDA:30,10,0,0
BRDA:30,10,1,0
BRDA:32,11,0,0
BRDA:32,11,1,0
BRF:25
BRH:9
end_of_record
TN:
SF:src\components\navbar\Navbar.tsx
FN:1,(anonymous_0)
FN:6,Navbar
FN:14,(anonymous_2)
FN:20,(anonymous_3)
FN:26,(anonymous_4)
FNF:5
FNH:5
FNDA:9,(anonymous_0)
FNDA:18,Navbar
FNDA:28,(anonymous_2)
FNDA:28,(anonymous_3)
FNDA:28,(anonymous_4)
DA:1,63
DA:7,18
DA:14,28
DA:20,28
DA:26,28
DA:38,9
DA:40,9
LF:7
LH:7
BRDA:1,0,0,9
BRDA:14,1,0,14
BRDA:14,1,1,14
BRDA:20,2,0,6
BRDA:20,2,1,22
BRDA:26,3,0,6
BRDA:26,3,1,22
BRF:7
BRH:7
end_of_record
TN:
SF:src\components\oneFotoCard\OneFotoCard.tsx
FN:7,OneFotoCard
FN:14,closeModal
FN:20,onLoading
FN:31,(anonymous_4)
FN:7,(anonymous_5)
FNF:5
FNH:5
FNDA:152,OneFotoCard
FNDA:1,closeModal
FNDA:3,onLoading
FNDA:3,(anonymous_4)
FNDA:3,(anonymous_5)
DA:7,152
DA:8,152
DA:9,152
DA:10,152
DA:11,152
DA:12,152
DA:15,1
DA:18,152
DA:20,152
DA:21,3
DA:22,3
DA:26,152
DA:32,3
DA:33,3
DA:50,9
DA:52,9
LF:16
LH:16
BRDA:18,0,0,152
BRF:1
BRH:1
end_of_record
TN:
SF:src\components\oneUserCard\OneUserCard.tsx
FN:1,(anonymous_0)
FN:5,OneUserCards
FNF:2
FNH:1
FNDA:9,(anonymous_0)
FNDA:0,OneUserCards
DA:1,63
DA:6,0
DA:28,9
DA:30,9
LF:4
LH:3
BRDA:1,0,0,9
BRF:1
BRH:1
end_of_record
TN:
SF:src\components\searchbar\Searchbar.tsx
FN:9,Searchbar
FN:11,(anonymous_2)
FN:16,handleSubmit
FN:35,(anonymous_4)
FN:9,(anonymous_5)
FNF:5
FNH:4
FNDA:42,Searchbar
FNDA:115,(anonymous_2)
FNDA:0,handleSubmit
FNDA:3,(anonymous_4)
FNDA:5,(anonymous_5)
DA:9,42
DA:10,42
DA:11,115
DA:12,42
DA:14,42
DA:17,0
DA:18,0
DA:19,0
DA:20,0
DA:22,0
DA:26,42
DA:36,3
DA:45,9
DA:47,9
LF:14
LH:9
BRDA:14,0,0,36
BRDA:40,1,0,0
BRDA:40,1,1,42
BRF:3
BRH:2
end_of_record
TN:
SF:src\components\userCards\UserCards.tsx
FN:7,UserCards
FN:8,(anonymous_2)
FN:9,(anonymous_3)
FN:20,(anonymous_4)
FN:7,(anonymous_5)
FNF:5
FNH:3
FNDA:6,UserCards
FNDA:6,(anonymous_2)
FNDA:0,(anonymous_3)
FNDA:0,(anonymous_4)
FNDA:3,(anonymous_5)
DA:7,6
DA:8,9
DA:9,6
DA:10,0
DA:13,6
DA:14,6
DA:20,0
DA:21,0
DA:28,9
DA:30,9
LF:10
LH:7
BRDA:13,0,0,6
BRDA:13,0,1,0
BRF:2
BRH:1
end_of_record
TN:
SF:src\pages\about\About.tsx
FN:1,(anonymous_0)
FN:3,About
FNF:2
FNH:2
FNDA:9,(anonymous_0)
FNDA:6,About
DA:1,63
DA:4,6
DA:9,9
DA:11,9
LF:4
LH:4
BRDA:1,0,0,9
BRF:1
BRH:1
end_of_record
TN:
SF:src\pages\home\Home.tsx
FN:8,Home
FN:9,(anonymous_2)
FN:16,updateFotoData
FN:20,onLoading
FN:8,(anonymous_5)
FNF:5
FNH:4
FNDA:54,Home
FNDA:128,(anonymous_2)
FNDA:0,updateFotoData
FNDA:42,onLoading
FNDA:5,(anonymous_5)
DA:8,54
DA:9,54
DA:10,128
DA:12,54
DA:13,54
DA:14,54
DA:17,0
DA:20,54
DA:21,42
DA:22,42
DA:26,54
DA:27,42
DA:30,54
DA:36,9
DA:38,9
LF:15
LH:14
BRDA:10,0,0,27
BRDA:10,0,1,101
BRDA:12,1,0,36
BRDA:26,2,0,42
BRF:4
BRH:4
end_of_record
TN:
SF:src\pages\notFound\NotFound.tsx
FN:1,(anonymous_0)
FN:5,NotFound
FNF:2
FNH:2
FNDA:9,(anonymous_0)
FNDA:2,NotFound
DA:1,63
DA:6,2
DA:15,9
DA:17,9
LF:4
LH:4
BRDA:1,0,0,9
BRF:1
BRH:1
end_of_record
TN:
SF:src\pages\userdata\UserData.tsx
FN:1,(anonymous_0)
FN:6,UserData
FNF:2
FNH:2
FNDA:9,(anonymous_0)
FNDA:6,UserData
DA:1,63
DA:7,6
DA:16,9
DA:18,9
LF:4
LH:4
BRDA:1,0,0,9
BRF:1
BRH:1
end_of_record
TN:
SF:src\redux\actions.ts
FN:7,inferLiteralFromString
FN:11,(anonymous_1)
FN:15,(anonymous_2)
FN:19,(anonymous_3)
FNF:4
FNH:2
FNDA:3,inferLiteralFromString
FNDA:0,(anonymous_1)
FNDA:0,(anonymous_2)
FNDA:3,(anonymous_3)
DA:3,9
DA:4,9
DA:5,9
DA:8,3
DA:11,9
DA:12,0
DA:15,9
DA:16,0
DA:19,9
DA:20,3
LF:10
LH:8
BRF:0
BRH:0
end_of_record
TN:
SF:src\redux\reducer.ts
FN:21,rootReducer
FNF:1
FNH:1
FNDA:97,rootReducer
DA:11,9
DA:12,9
DA:13,9
DA:14,9
DA:22,97
DA:23,0
DA:28,97
DA:29,0
DA:34,97
DA:35,3
DA:40,94
LF:11
LH:9
BRDA:21,0,0,27
BRDA:22,1,0,0
BRDA:28,2,0,0
BRDA:34,3,0,3
BRF:4
BRH:2
end_of_record
TN:
SF:src\services\api.ts
FN:8,(anonymous_0)
FN:10,(anonymous_1)
FN:16,(anonymous_2)
FNF:3
FNH:3
FNDA:9,(anonymous_0)
FNDA:8,(anonymous_1)
FNDA:36,(anonymous_2)
DA:3,9
DA:5,9
DA:8,9
DA:11,8
DA:17,36
DA:22,9
LF:6
LH:6
BRDA:12,0,0,3
BRDA:12,0,1,5
BRF:2
BRH:2
end_of_record
